{"D:\\Kalinga\\Final project\\MIB\\app.js":{"path":"D:\\Kalinga\\Final project\\MIB\\app.js","statementMap":{"0":{"start":{"line":1,"column":18},"end":{"line":1,"column":40}},"1":{"start":{"line":2,"column":14},"end":{"line":2,"column":32}},"2":{"start":{"line":3,"column":11},"end":{"line":3,"column":26}},"3":{"start":{"line":4,"column":17},"end":{"line":4,"column":36}},"4":{"start":{"line":5,"column":17},"end":{"line":5,"column":39}},"5":{"start":{"line":6,"column":19},"end":{"line":6,"column":43}},"6":{"start":{"line":7,"column":13},"end":{"line":7,"column":30}},"7":{"start":{"line":8,"column":14},"end":{"line":8,"column":48}},"8":{"start":{"line":9,"column":13},"end":{"line":9,"column":30}},"9":{"start":{"line":10,"column":14},"end":{"line":10,"column":38}},"10":{"start":{"line":11,"column":13},"end":{"line":11,"column":28}},"11":{"start":{"line":12,"column":9},"end":{"line":12,"column":49}},"12":{"start":{"line":13,"column":13},"end":{"line":13,"column":39}},"13":{"start":{"line":14,"column":19},"end":{"line":14,"column":53}},"14":{"start":{"line":15,"column":13},"end":{"line":15,"column":33}},"15":{"start":{"line":17,"column":10},"end":{"line":17,"column":19}},"16":{"start":{"line":20,"column":0},"end":{"line":20,"column":48}},"17":{"start":{"line":21,"column":0},"end":{"line":21,"column":30}},"18":{"start":{"line":22,"column":0},"end":{"line":22,"column":27}},"19":{"start":{"line":23,"column":0},"end":{"line":23,"column":52}},"20":{"start":{"line":24,"column":0},"end":{"line":24,"column":16}},"21":{"start":{"line":25,"column":0},"end":{"line":25,"column":24}},"22":{"start":{"line":26,"column":0},"end":{"line":26,"column":31}},"23":{"start":{"line":28,"column":0},"end":{"line":28,"column":24}},"24":{"start":{"line":29,"column":0},"end":{"line":29,"column":56}},"25":{"start":{"line":30,"column":0},"end":{"line":30,"column":56}},"26":{"start":{"line":31,"column":0},"end":{"line":31,"column":21}},"27":{"start":{"line":34,"column":0},"end":{"line":36,"column":3}},"28":{"start":{"line":35,"column":1},"end":{"line":35,"column":24}},"29":{"start":{"line":38,"column":0},"end":{"line":38,"column":68}},"30":{"start":{"line":40,"column":0},"end":{"line":42,"column":1}},"31":{"start":{"line":41,"column":1},"end":{"line":41,"column":57}},"32":{"start":{"line":44,"column":0},"end":{"line":54,"column":3}},"33":{"start":{"line":46,"column":1},"end":{"line":46,"column":34}},"34":{"start":{"line":47,"column":1},"end":{"line":47,"column":68}},"35":{"start":{"line":49,"column":1},"end":{"line":49,"column":105}},"36":{"start":{"line":52,"column":1},"end":{"line":52,"column":31}},"37":{"start":{"line":53,"column":1},"end":{"line":53,"column":21}},"38":{"start":{"line":56,"column":18},"end":{"line":56,"column":61}},"39":{"start":{"line":57,"column":0},"end":{"line":57,"column":22}},"40":{"start":{"line":59,"column":11},"end":{"line":59,"column":38}},"41":{"start":{"line":60,"column":13},"end":{"line":60,"column":35}},"42":{"start":{"line":62,"column":0},"end":{"line":62,"column":31}},"43":{"start":{"line":64,"column":13},"end":{"line":64,"column":42}},"44":{"start":{"line":65,"column":0},"end":{"line":65,"column":7}},"45":{"start":{"line":67,"column":9},"end":{"line":67,"column":23}},"46":{"start":{"line":69,"column":0},"end":{"line":80,"column":3}},"47":{"start":{"line":70,"column":1},"end":{"line":70,"column":44}},"48":{"start":{"line":72,"column":1},"end":{"line":75,"column":4}},"49":{"start":{"line":74,"column":2},"end":{"line":74,"column":31}},"50":{"start":{"line":77,"column":1},"end":{"line":79,"column":4}},"51":{"start":{"line":78,"column":2},"end":{"line":78,"column":25}},"52":{"start":{"line":82,"column":0},"end":{"line":85,"column":2}}},"fnMap":{"0":{"name":"(anonymous_0)","decl":{"start":{"line":34,"column":8},"end":{"line":34,"column":9}},"loc":{"start":{"line":34,"column":34},"end":{"line":36,"column":1}},"line":34},"1":{"name":"(anonymous_1)","decl":{"start":{"line":44,"column":8},"end":{"line":44,"column":9}},"loc":{"start":{"line":44,"column":39},"end":{"line":54,"column":1}},"line":44},"2":{"name":"(anonymous_2)","decl":{"start":{"line":69,"column":20},"end":{"line":69,"column":21}},"loc":{"start":{"line":69,"column":38},"end":{"line":80,"column":1}},"line":69},"3":{"name":"(anonymous_3)","decl":{"start":{"line":72,"column":19},"end":{"line":72,"column":20}},"loc":{"start":{"line":72,"column":35},"end":{"line":75,"column":2}},"line":72},"4":{"name":"(anonymous_4)","decl":{"start":{"line":77,"column":19},"end":{"line":77,"column":20}},"loc":{"start":{"line":77,"column":35},"end":{"line":79,"column":2}},"line":77}},"branchMap":{"0":{"loc":{"start":{"line":40,"column":0},"end":{"line":42,"column":1}},"type":"if","locations":[{"start":{"line":40,"column":0},"end":{"line":42,"column":1}},{"start":{"line":40,"column":0},"end":{"line":42,"column":1}}],"line":40},"1":{"loc":{"start":{"line":47,"column":20},"end":{"line":47,"column":67}},"type":"cond-expr","locations":[{"start":{"line":47,"column":59},"end":{"line":47,"column":62}},{"start":{"line":47,"column":65},"end":{"line":47,"column":67}}],"line":47},"2":{"loc":{"start":{"line":49,"column":18},"end":{"line":49,"column":35}},"type":"binary-expr","locations":[{"start":{"line":49,"column":18},"end":{"line":49,"column":28}},{"start":{"line":49,"column":32},"end":{"line":49,"column":35}}],"line":49},"3":{"loc":{"start":{"line":52,"column":12},"end":{"line":52,"column":29}},"type":"binary-expr","locations":[{"start":{"line":52,"column":12},"end":{"line":52,"column":22}},{"start":{"line":52,"column":26},"end":{"line":52,"column":29}}],"line":52},"4":{"loc":{"start":{"line":59,"column":11},"end":{"line":59,"column":38}},"type":"binary-expr","locations":[{"start":{"line":59,"column":11},"end":{"line":59,"column":23}},{"start":{"line":59,"column":27},"end":{"line":59,"column":38}}],"line":59},"5":{"loc":{"start":{"line":60,"column":13},"end":{"line":60,"column":35}},"type":"binary-expr","locations":[{"start":{"line":60,"column":13},"end":{"line":60,"column":27}},{"start":{"line":60,"column":31},"end":{"line":60,"column":35}}],"line":60}},"s":{"0":1,"1":1,"2":1,"3":1,"4":1,"5":1,"6":1,"7":1,"8":1,"9":1,"10":1,"11":1,"12":1,"13":1,"14":1,"15":1,"16":1,"17":1,"18":1,"19":1,"20":1,"21":1,"22":1,"23":1,"24":1,"25":1,"26":1,"27":1,"28":0,"29":1,"30":1,"31":1,"32":1,"33":0,"34":0,"35":0,"36":0,"37":0,"38":1,"39":1,"40":1,"41":1,"42":1,"43":1,"44":1,"45":1,"46":1,"47":0,"48":0,"49":0,"50":0,"51":0,"52":1},"f":{"0":0,"1":0,"2":0,"3":0,"4":0},"b":{"0":[1,0],"1":[0,0],"2":[0,0],"3":[0,0],"4":[1,1],"5":[1,1]},"_coverageSchema":"d34fc3e6b8297bcde183f5492bcb8fcb36775295","hash":"a9637402e652fc298215568e84f2ec8c24e47174","contentHash":"fa60835c10fc67a39ded90e9711d7c49_12.0.2"},"D:\\Kalinga\\Final project\\MIB\\config\\winston.config.js":{"path":"D:\\Kalinga\\Final project\\MIB\\config\\winston.config.js","statementMap":{"0":{"start":{"line":1,"column":14},"end":{"line":1,"column":38}},"1":{"start":{"line":2,"column":14},"end":{"line":2,"column":32}},"2":{"start":{"line":4,"column":14},"end":{"line":30,"column":1}},"3":{"start":{"line":33,"column":15},"end":{"line":41,"column":2}},"4":{"start":{"line":45,"column":0},"end":{"line":50,"column":2}},"5":{"start":{"line":48,"column":2},"end":{"line":48,"column":23}},"6":{"start":{"line":52,"column":0},"end":{"line":52,"column":24}}},"fnMap":{"0":{"name":"(anonymous_0)","decl":{"start":{"line":46,"column":8},"end":{"line":46,"column":9}},"loc":{"start":{"line":46,"column":37},"end":{"line":49,"column":2}},"line":46}},"branchMap":{},"s":{"0":1,"1":1,"2":1,"3":1,"4":1,"5":6,"6":1},"f":{"0":6},"b":{},"_coverageSchema":"d34fc3e6b8297bcde183f5492bcb8fcb36775295","hash":"319d11de357165b9c3da02aad20367ffbd2fafda","contentHash":"40873f3cb7976e2b3a8f06f5357614fd_12.0.2"},"D:\\Kalinga\\Final project\\MIB\\db\\dbConnection.js":{"path":"D:\\Kalinga\\Final project\\MIB\\db\\dbConnection.js","statementMap":{"0":{"start":{"line":1,"column":14},"end":{"line":1,"column":38}},"1":{"start":{"line":2,"column":14},"end":{"line":2,"column":33}},"2":{"start":{"line":3,"column":13},"end":{"line":3,"column":51}},"3":{"start":{"line":4,"column":13},"end":{"line":4,"column":30}},"4":{"start":{"line":7,"column":16},"end":{"line":10,"column":1}},"5":{"start":{"line":14,"column":0},"end":{"line":14,"column":43}},"6":{"start":{"line":15,"column":0},"end":{"line":15,"column":36}},"7":{"start":{"line":16,"column":0},"end":{"line":16,"column":40}},"8":{"start":{"line":18,"column":0},"end":{"line":18,"column":40}}},"fnMap":{},"branchMap":{},"s":{"0":1,"1":1,"2":1,"3":1,"4":1,"5":1,"6":1,"7":1,"8":1},"f":{},"b":{},"_coverageSchema":"d34fc3e6b8297bcde183f5492bcb8fcb36775295","hash":"2818ab0347c0b7fd34cec8d651482df4d236abfc","contentHash":"6a4773792c5a50a0160a3e8352b90069_12.0.2"},"D:\\Kalinga\\Final project\\MIB\\config\\dbConfig.js":{"path":"D:\\Kalinga\\Final project\\MIB\\config\\dbConfig.js","statementMap":{"0":{"start":{"line":2,"column":0},"end":{"line":4,"column":2}}},"fnMap":{},"branchMap":{},"s":{"0":1},"f":{},"b":{},"_coverageSchema":"d34fc3e6b8297bcde183f5492bcb8fcb36775295","hash":"a52bcb794e18c19afd85281fb95400db5c6f4738","contentHash":"31ef8f8c6674e19b29d2e2b9228468c2_12.0.2"},"D:\\Kalinga\\Final project\\MIB\\routes\\routes.js":{"path":"D:\\Kalinga\\Final project\\MIB\\routes\\routes.js","statementMap":{"0":{"start":{"line":1,"column":14},"end":{"line":1,"column":32}},"1":{"start":{"line":2,"column":13},"end":{"line":2,"column":29}},"2":{"start":{"line":4,"column":11},"end":{"line":4,"column":44}},"3":{"start":{"line":5,"column":17},"end":{"line":5,"column":62}},"4":{"start":{"line":6,"column":13},"end":{"line":6,"column":39}},"5":{"start":{"line":7,"column":24},"end":{"line":7,"column":63}},"6":{"start":{"line":8,"column":23},"end":{"line":8,"column":61}},"7":{"start":{"line":9,"column":13},"end":{"line":9,"column":43}},"8":{"start":{"line":10,"column":11},"end":{"line":10,"column":39}},"9":{"start":{"line":11,"column":14},"end":{"line":11,"column":48}},"10":{"start":{"line":12,"column":15},"end":{"line":12,"column":52}},"11":{"start":{"line":14,"column":0},"end":{"line":14,"column":26}},"12":{"start":{"line":15,"column":0},"end":{"line":15,"column":32}},"13":{"start":{"line":16,"column":0},"end":{"line":16,"column":29}},"14":{"start":{"line":17,"column":0},"end":{"line":17,"column":28}},"15":{"start":{"line":18,"column":0},"end":{"line":18,"column":24}},"16":{"start":{"line":19,"column":0},"end":{"line":19,"column":30}},"17":{"start":{"line":20,"column":0},"end":{"line":20,"column":32}},"18":{"start":{"line":22,"column":0},"end":{"line":24,"column":3}},"19":{"start":{"line":23,"column":4},"end":{"line":23,"column":60}},"20":{"start":{"line":27,"column":0},"end":{"line":27,"column":24}}},"fnMap":{"0":{"name":"(anonymous_0)","decl":{"start":{"line":22,"column":16},"end":{"line":22,"column":17}},"loc":{"start":{"line":22,"column":30},"end":{"line":24,"column":1}},"line":22}},"branchMap":{},"s":{"0":1,"1":1,"2":1,"3":1,"4":1,"5":1,"6":1,"7":1,"8":1,"9":1,"10":1,"11":1,"12":1,"13":1,"14":1,"15":1,"16":1,"17":1,"18":1,"19":0,"20":1},"f":{"0":0},"b":{},"_coverageSchema":"d34fc3e6b8297bcde183f5492bcb8fcb36775295","hash":"5b35e0a57be93c22e30231f8f010d8cd981afd8d","contentHash":"2ec736bddf6133d4280756666061cf8d_12.0.2"},"D:\\Kalinga\\Final project\\MIB\\routes\\users\\subUserRouting.js":{"path":"D:\\Kalinga\\Final project\\MIB\\routes\\users\\subUserRouting.js","statementMap":{"0":{"start":{"line":1,"column":17},"end":{"line":1,"column":44}},"1":{"start":{"line":2,"column":19},"end":{"line":2,"column":43}},"2":{"start":{"line":3,"column":18},"end":{"line":3,"column":41}},"3":{"start":{"line":5,"column":0},"end":{"line":5,"column":34}},"4":{"start":{"line":6,"column":0},"end":{"line":6,"column":32}},"5":{"start":{"line":9,"column":0},"end":{"line":9,"column":26}}},"fnMap":{},"branchMap":{},"s":{"0":1,"1":1,"2":1,"3":1,"4":1,"5":1},"f":{},"b":{},"_coverageSchema":"d34fc3e6b8297bcde183f5492bcb8fcb36775295","hash":"3979293df6849b84ee186f269fe0411218222d4a","contentHash":"8eb971ab94872bb72df8acd02c337825_12.0.2"},"D:\\Kalinga\\Final project\\MIB\\routes\\users\\admin\\admin.js":{"path":"D:\\Kalinga\\Final project\\MIB\\routes\\users\\admin\\admin.js","statementMap":{"0":{"start":{"line":1,"column":14},"end":{"line":1,"column":41}},"1":{"start":{"line":4,"column":0},"end":{"line":6,"column":3}},"2":{"start":{"line":5,"column":4},"end":{"line":5,"column":70}},"3":{"start":{"line":8,"column":0},"end":{"line":10,"column":3}},"4":{"start":{"line":9,"column":4},"end":{"line":9,"column":71}},"5":{"start":{"line":16,"column":0},"end":{"line":16,"column":23}}},"fnMap":{"0":{"name":"(anonymous_0)","decl":{"start":{"line":4,"column":29},"end":{"line":4,"column":30}},"loc":{"start":{"line":4,"column":43},"end":{"line":6,"column":1}},"line":4},"1":{"name":"(anonymous_1)","decl":{"start":{"line":8,"column":26},"end":{"line":8,"column":27}},"loc":{"start":{"line":8,"column":40},"end":{"line":10,"column":1}},"line":8}},"branchMap":{},"s":{"0":1,"1":1,"2":0,"3":1,"4":0,"5":1},"f":{"0":0,"1":0},"b":{},"_coverageSchema":"d34fc3e6b8297bcde183f5492bcb8fcb36775295","hash":"e8d7f0ad746ab82ae9797ba3a59a6aecd721e2f3","contentHash":"df5513be8d8487ecebe30698eeed139e_12.0.2"},"D:\\Kalinga\\Final project\\MIB\\routes\\users\\user\\users.js":{"path":"D:\\Kalinga\\Final project\\MIB\\routes\\users\\user\\users.js","statementMap":{"0":{"start":{"line":1,"column":18},"end":{"line":1,"column":45}},"1":{"start":{"line":2,"column":16},"end":{"line":2,"column":40}},"2":{"start":{"line":3,"column":17},"end":{"line":3,"column":36}},"3":{"start":{"line":4,"column":15},"end":{"line":4,"column":61}},"4":{"start":{"line":5,"column":17},"end":{"line":5,"column":54}},"5":{"start":{"line":6,"column":12},"end":{"line":6,"column":52}},"6":{"start":{"line":7,"column":26},"end":{"line":7,"column":75}},"7":{"start":{"line":8,"column":15},"end":{"line":8,"column":49}},"8":{"start":{"line":12,"column":0},"end":{"line":14,"column":4}},"9":{"start":{"line":17,"column":0},"end":{"line":33,"column":3}},"10":{"start":{"line":18,"column":16},"end":{"line":18,"column":43}},"11":{"start":{"line":19,"column":4},"end":{"line":19,"column":36}},"12":{"start":{"line":21,"column":19},"end":{"line":21,"column":46}},"13":{"start":{"line":23,"column":4},"end":{"line":32,"column":7}},"14":{"start":{"line":24,"column":8},"end":{"line":31,"column":9}},"15":{"start":{"line":25,"column":10},"end":{"line":25,"column":72}},"16":{"start":{"line":27,"column":12},"end":{"line":30,"column":13}},"17":{"start":{"line":28,"column":29},"end":{"line":28,"column":166}},"18":{"start":{"line":29,"column":16},"end":{"line":29,"column":68}},"19":{"start":{"line":37,"column":0},"end":{"line":54,"column":2}},"20":{"start":{"line":38,"column":16},"end":{"line":38,"column":42}},"21":{"start":{"line":39,"column":24},"end":{"line":39,"column":46}},"22":{"start":{"line":41,"column":13},"end":{"line":41,"column":28}},"23":{"start":{"line":42,"column":4},"end":{"line":53,"column":7}},"24":{"start":{"line":43,"column":8},"end":{"line":50,"column":9}},"25":{"start":{"line":44,"column":10},"end":{"line":44,"column":72}},"26":{"start":{"line":44,"column":73},"end":{"line":44,"column":80}},"27":{"start":{"line":46,"column":12},"end":{"line":49,"column":13}},"28":{"start":{"line":47,"column":16},"end":{"line":47,"column":59}},"29":{"start":{"line":48,"column":16},"end":{"line":48,"column":23}},"30":{"start":{"line":51,"column":8},"end":{"line":51,"column":70}},"31":{"start":{"line":52,"column":8},"end":{"line":52,"column":15}},"32":{"start":{"line":58,"column":0},"end":{"line":87,"column":2}},"33":{"start":{"line":59,"column":16},"end":{"line":59,"column":42}},"34":{"start":{"line":60,"column":24},"end":{"line":60,"column":46}},"35":{"start":{"line":62,"column":4},"end":{"line":86,"column":6}},"36":{"start":{"line":77,"column":8},"end":{"line":85,"column":9}},"37":{"start":{"line":79,"column":12},"end":{"line":79,"column":69}},"38":{"start":{"line":80,"column":12},"end":{"line":80,"column":19}},"39":{"start":{"line":83,"column":12},"end":{"line":83,"column":81}},"40":{"start":{"line":84,"column":12},"end":{"line":84,"column":19}},"41":{"start":{"line":89,"column":0},"end":{"line":89,"column":27}}},"fnMap":{"0":{"name":"(anonymous_0)","decl":{"start":{"line":17,"column":69},"end":{"line":17,"column":70}},"loc":{"start":{"line":17,"column":83},"end":{"line":33,"column":1}},"line":17},"1":{"name":"(anonymous_1)","decl":{"start":{"line":23,"column":52},"end":{"line":23,"column":53}},"loc":{"start":{"line":23,"column":68},"end":{"line":32,"column":5}},"line":23},"2":{"name":"(anonymous_2)","decl":{"start":{"line":37,"column":31},"end":{"line":37,"column":32}},"loc":{"start":{"line":37,"column":45},"end":{"line":54,"column":1}},"line":37},"3":{"name":"(anonymous_3)","decl":{"start":{"line":42,"column":61},"end":{"line":42,"column":62}},"loc":{"start":{"line":42,"column":80},"end":{"line":53,"column":5}},"line":42},"4":{"name":"(anonymous_4)","decl":{"start":{"line":58,"column":37},"end":{"line":58,"column":38}},"loc":{"start":{"line":58,"column":51},"end":{"line":87,"column":1}},"line":58},"5":{"name":"(anonymous_5)","decl":{"start":{"line":76,"column":12},"end":{"line":76,"column":13}},"loc":{"start":{"line":76,"column":24},"end":{"line":86,"column":5}},"line":76}},"branchMap":{"0":{"loc":{"start":{"line":24,"column":8},"end":{"line":31,"column":9}},"type":"if","locations":[{"start":{"line":24,"column":8},"end":{"line":31,"column":9}},{"start":{"line":24,"column":8},"end":{"line":31,"column":9}}],"line":24},"1":{"loc":{"start":{"line":27,"column":12},"end":{"line":30,"column":13}},"type":"if","locations":[{"start":{"line":27,"column":12},"end":{"line":30,"column":13}},{"start":{"line":27,"column":12},"end":{"line":30,"column":13}}],"line":27},"2":{"loc":{"start":{"line":43,"column":8},"end":{"line":50,"column":9}},"type":"if","locations":[{"start":{"line":43,"column":8},"end":{"line":50,"column":9}},{"start":{"line":43,"column":8},"end":{"line":50,"column":9}}],"line":43},"3":{"loc":{"start":{"line":46,"column":12},"end":{"line":49,"column":13}},"type":"if","locations":[{"start":{"line":46,"column":12},"end":{"line":49,"column":13}},{"start":{"line":46,"column":12},"end":{"line":49,"column":13}}],"line":46},"4":{"loc":{"start":{"line":77,"column":8},"end":{"line":85,"column":9}},"type":"if","locations":[{"start":{"line":77,"column":8},"end":{"line":85,"column":9}},{"start":{"line":77,"column":8},"end":{"line":85,"column":9}}],"line":77}},"s":{"0":1,"1":1,"2":1,"3":1,"4":1,"5":1,"6":1,"7":1,"8":1,"9":1,"10":0,"11":0,"12":0,"13":0,"14":0,"15":0,"16":0,"17":0,"18":0,"19":1,"20":0,"21":0,"22":0,"23":0,"24":0,"25":0,"26":0,"27":0,"28":0,"29":0,"30":0,"31":0,"32":1,"33":0,"34":0,"35":0,"36":0,"37":0,"38":0,"39":0,"40":0,"41":1},"f":{"0":0,"1":0,"2":0,"3":0,"4":0,"5":0},"b":{"0":[0,0],"1":[0,0],"2":[0,0],"3":[0,0],"4":[0,0]},"_coverageSchema":"d34fc3e6b8297bcde183f5492bcb8fcb36775295","hash":"d0a15f370bf28048a494f6f0c52502514c48f425","contentHash":"83a69e626336841d4d44ccde0dd332bc_12.0.2"},"D:\\Kalinga\\Final project\\MIB\\config\\passport.js":{"path":"D:\\Kalinga\\Final project\\MIB\\config\\passport.js","statementMap":{"0":{"start":{"line":1,"column":18},"end":{"line":1,"column":37}},"1":{"start":{"line":2,"column":19},"end":{"line":2,"column":53}},"2":{"start":{"line":3,"column":16},"end":{"line":3,"column":40}},"3":{"start":{"line":4,"column":24},"end":{"line":4,"column":73}},"4":{"start":{"line":5,"column":13},"end":{"line":5,"column":30}},"5":{"start":{"line":6,"column":15},"end":{"line":6,"column":61}},"6":{"start":{"line":8,"column":0},"end":{"line":10,"column":2}},"7":{"start":{"line":9,"column":4},"end":{"line":9,"column":23}},"8":{"start":{"line":12,"column":0},"end":{"line":16,"column":2}},"9":{"start":{"line":13,"column":4},"end":{"line":15,"column":6}},"10":{"start":{"line":14,"column":8},"end":{"line":14,"column":24}},"11":{"start":{"line":18,"column":0},"end":{"line":56,"column":3}},"12":{"start":{"line":23,"column":4},"end":{"line":23,"column":45}},"13":{"start":{"line":25,"column":4},"end":{"line":55,"column":6}},"14":{"start":{"line":26,"column":8},"end":{"line":26,"column":29}},"15":{"start":{"line":27,"column":8},"end":{"line":54,"column":9}},"16":{"start":{"line":28,"column":12},"end":{"line":28,"column":48}},"17":{"start":{"line":29,"column":12},"end":{"line":29,"column":57}},"18":{"start":{"line":31,"column":12},"end":{"line":31,"column":221}},"19":{"start":{"line":32,"column":29},"end":{"line":32,"column":80}},"20":{"start":{"line":33,"column":12},"end":{"line":53,"column":14}},"21":{"start":{"line":34,"column":16},"end":{"line":52,"column":17}},"22":{"start":{"line":35,"column":20},"end":{"line":35,"column":45}},"23":{"start":{"line":36,"column":20},"end":{"line":36,"column":86}},"24":{"start":{"line":39,"column":32},"end":{"line":39,"column":93}},"25":{"start":{"line":41,"column":38},"end":{"line":41,"column":245}},"26":{"start":{"line":42,"column":34},"end":{"line":42,"column":78}},"27":{"start":{"line":43,"column":20},"end":{"line":51,"column":22}},"28":{"start":{"line":44,"column":24},"end":{"line":50,"column":25}},"29":{"start":{"line":45,"column":28},"end":{"line":45,"column":53}},"30":{"start":{"line":46,"column":28},"end":{"line":46,"column":94}},"31":{"start":{"line":48,"column":28},"end":{"line":48,"column":57}},"32":{"start":{"line":49,"column":28},"end":{"line":49,"column":45}}},"fnMap":{"0":{"name":"(anonymous_0)","decl":{"start":{"line":8,"column":23},"end":{"line":8,"column":24}},"loc":{"start":{"line":8,"column":37},"end":{"line":10,"column":1}},"line":8},"1":{"name":"(anonymous_1)","decl":{"start":{"line":12,"column":25},"end":{"line":12,"column":26}},"loc":{"start":{"line":12,"column":37},"end":{"line":16,"column":1}},"line":12},"2":{"name":"(anonymous_2)","decl":{"start":{"line":13,"column":44},"end":{"line":13,"column":45}},"loc":{"start":{"line":13,"column":52},"end":{"line":15,"column":5}},"line":13},"3":{"name":"(anonymous_3)","decl":{"start":{"line":22,"column":3},"end":{"line":22,"column":4}},"loc":{"start":{"line":22,"column":46},"end":{"line":56,"column":1}},"line":22},"4":{"name":"(anonymous_4)","decl":{"start":{"line":25,"column":74},"end":{"line":25,"column":75}},"loc":{"start":{"line":25,"column":95},"end":{"line":55,"column":5}},"line":25},"5":{"name":"(anonymous_5)","decl":{"start":{"line":33,"column":28},"end":{"line":33,"column":29}},"loc":{"start":{"line":33,"column":43},"end":{"line":53,"column":13}},"line":33},"6":{"name":"(anonymous_6)","decl":{"start":{"line":43,"column":33},"end":{"line":43,"column":34}},"loc":{"start":{"line":43,"column":48},"end":{"line":51,"column":21}},"line":43}},"branchMap":{"0":{"loc":{"start":{"line":27,"column":8},"end":{"line":54,"column":9}},"type":"if","locations":[{"start":{"line":27,"column":8},"end":{"line":54,"column":9}},{"start":{"line":27,"column":8},"end":{"line":54,"column":9}}],"line":27},"1":{"loc":{"start":{"line":34,"column":16},"end":{"line":52,"column":17}},"type":"if","locations":[{"start":{"line":34,"column":16},"end":{"line":52,"column":17}},{"start":{"line":34,"column":16},"end":{"line":52,"column":17}}],"line":34},"2":{"loc":{"start":{"line":44,"column":24},"end":{"line":50,"column":25}},"type":"if","locations":[{"start":{"line":44,"column":24},"end":{"line":50,"column":25}},{"start":{"line":44,"column":24},"end":{"line":50,"column":25}}],"line":44}},"s":{"0":1,"1":1,"2":1,"3":1,"4":1,"5":1,"6":1,"7":0,"8":1,"9":0,"10":0,"11":1,"12":0,"13":0,"14":0,"15":0,"16":0,"17":0,"18":0,"19":0,"20":0,"21":0,"22":0,"23":0,"24":0,"25":0,"26":0,"27":0,"28":0,"29":0,"30":0,"31":0,"32":0},"f":{"0":0,"1":0,"2":0,"3":0,"4":0,"5":0,"6":0},"b":{"0":[0,0],"1":[0,0],"2":[0,0]},"_coverageSchema":"d34fc3e6b8297bcde183f5492bcb8fcb36775295","hash":"70832181c1d8a28b69ace6285336a37958216244","contentHash":"13aa30dd4f5e71a3f40478a55740dc96_12.0.2"},"D:\\Kalinga\\Final project\\MIB\\DataModel\\UserDetailsSchema.js":{"path":"D:\\Kalinga\\Final project\\MIB\\DataModel\\UserDetailsSchema.js","statementMap":{"0":{"start":{"line":1,"column":17},"end":{"line":1,"column":36}},"1":{"start":{"line":2,"column":15},"end":{"line":2,"column":30}},"2":{"start":{"line":4,"column":14},"end":{"line":11,"column":2}},"3":{"start":{"line":13,"column":17},"end":{"line":35,"column":2}},"4":{"start":{"line":37,"column":20},"end":{"line":47,"column":2}},"5":{"start":{"line":50,"column":0},"end":{"line":56,"column":3}},"6":{"start":{"line":51,"column":4},"end":{"line":51,"column":27}},"7":{"start":{"line":52,"column":4},"end":{"line":54,"column":5}},"8":{"start":{"line":53,"column":8},"end":{"line":53,"column":32}},"9":{"start":{"line":55,"column":4},"end":{"line":55,"column":11}},"10":{"start":{"line":58,"column":0},"end":{"line":65,"column":3}},"11":{"start":{"line":59,"column":4},"end":{"line":59,"column":43}},"12":{"start":{"line":60,"column":4},"end":{"line":60,"column":27}},"13":{"start":{"line":61,"column":4},"end":{"line":63,"column":5}},"14":{"start":{"line":62,"column":8},"end":{"line":62,"column":33}},"15":{"start":{"line":64,"column":4},"end":{"line":64,"column":11}},"16":{"start":{"line":67,"column":18},"end":{"line":67,"column":60}},"17":{"start":{"line":68,"column":25},"end":{"line":68,"column":76}},"18":{"start":{"line":70,"column":0},"end":{"line":73,"column":2}}},"fnMap":{"0":{"name":"(anonymous_0)","decl":{"start":{"line":50,"column":23},"end":{"line":50,"column":24}},"loc":{"start":{"line":50,"column":35},"end":{"line":56,"column":1}},"line":50},"1":{"name":"(anonymous_1)","decl":{"start":{"line":58,"column":25},"end":{"line":58,"column":26}},"loc":{"start":{"line":58,"column":37},"end":{"line":65,"column":1}},"line":58}},"branchMap":{"0":{"loc":{"start":{"line":52,"column":4},"end":{"line":54,"column":5}},"type":"if","locations":[{"start":{"line":52,"column":4},"end":{"line":54,"column":5}},{"start":{"line":52,"column":4},"end":{"line":54,"column":5}}],"line":52},"1":{"loc":{"start":{"line":61,"column":4},"end":{"line":63,"column":5}},"type":"if","locations":[{"start":{"line":61,"column":4},"end":{"line":63,"column":5}},{"start":{"line":61,"column":4},"end":{"line":63,"column":5}}],"line":61}},"s":{"0":1,"1":1,"2":1,"3":1,"4":1,"5":1,"6":2,"7":2,"8":1,"9":2,"10":1,"11":0,"12":0,"13":0,"14":0,"15":0,"16":1,"17":1,"18":1},"f":{"0":2,"1":0},"b":{"0":[1,1],"1":[0,0]},"_coverageSchema":"d34fc3e6b8297bcde183f5492bcb8fcb36775295","hash":"788185b16db26caab7ca3f93c0aede1fb3f75403","contentHash":"15b62c4bcf435cc4914d66f7496152ac_12.0.2"},"D:\\Kalinga\\Final project\\MIB\\config\\keys.js":{"path":"D:\\Kalinga\\Final project\\MIB\\config\\keys.js","statementMap":{"0":{"start":{"line":1,"column":0},"end":{"line":9,"column":1}}},"fnMap":{},"branchMap":{},"s":{"0":1},"f":{},"b":{},"_coverageSchema":"d34fc3e6b8297bcde183f5492bcb8fcb36775295","hash":"da1e2bf4a34f7657fa550c4341010fcc3cacc34b","contentHash":"13e7306ae250ed541c7291e9a0ee7884_12.0.2"},"D:\\Kalinga\\Final project\\MIB\\jwtAuth\\jwtAuth.js":{"path":"D:\\Kalinga\\Final project\\MIB\\jwtAuth\\jwtAuth.js","statementMap":{"0":{"start":{"line":2,"column":12},"end":{"line":2,"column":35}},"1":{"start":{"line":3,"column":15},"end":{"line":3,"column":23}},"2":{"start":{"line":5,"column":0},"end":{"line":12,"column":1}},"3":{"start":{"line":7,"column":16},"end":{"line":10,"column":16}},"4":{"start":{"line":11,"column":4},"end":{"line":11,"column":17}},"5":{"start":{"line":14,"column":0},"end":{"line":17,"column":1}},"6":{"start":{"line":15,"column":16},"end":{"line":15,"column":39}},"7":{"start":{"line":16,"column":4},"end":{"line":16,"column":17}}},"fnMap":{"0":{"name":"(anonymous_0)","decl":{"start":{"line":5,"column":31},"end":{"line":5,"column":32}},"loc":{"start":{"line":5,"column":39},"end":{"line":12,"column":1}},"line":5},"1":{"name":"(anonymous_1)","decl":{"start":{"line":14,"column":29},"end":{"line":14,"column":30}},"loc":{"start":{"line":14,"column":37},"end":{"line":17,"column":1}},"line":14}},"branchMap":{},"s":{"0":1,"1":1,"2":1,"3":1,"4":1,"5":1,"6":0,"7":0},"f":{"0":1,"1":0},"b":{},"_coverageSchema":"d34fc3e6b8297bcde183f5492bcb8fcb36775295","hash":"07a2b680a7ba16e89e5f610a03aad922cd8d83c0","contentHash":"0dcfb118b23b352c24a15e8158c9a578_12.0.2"},"D:\\Kalinga\\Final project\\MIB\\routes\\users\\common\\commonFunctionality.js":{"path":"D:\\Kalinga\\Final project\\MIB\\routes\\users\\common\\commonFunctionality.js","statementMap":{"0":{"start":{"line":1,"column":28},"end":{"line":1,"column":55}},"1":{"start":{"line":2,"column":16},"end":{"line":2,"column":40}},"2":{"start":{"line":3,"column":26},"end":{"line":3,"column":75}},"3":{"start":{"line":4,"column":15},"end":{"line":4,"column":61}},"4":{"start":{"line":5,"column":13},"end":{"line":5,"column":49}},"5":{"start":{"line":6,"column":15},"end":{"line":6,"column":39}},"6":{"start":{"line":7,"column":12},"end":{"line":7,"column":52}},"7":{"start":{"line":11,"column":0},"end":{"line":94,"column":3}},"8":{"start":{"line":12,"column":4},"end":{"line":12,"column":40}},"9":{"start":{"line":13,"column":19},"end":{"line":13,"column":47}},"10":{"start":{"line":14,"column":4},"end":{"line":93,"column":6}},"11":{"start":{"line":15,"column":8},"end":{"line":92,"column":9}},"12":{"start":{"line":16,"column":10},"end":{"line":16,"column":36}},"13":{"start":{"line":18,"column":12},"end":{"line":89,"column":13}},"14":{"start":{"line":19,"column":16},"end":{"line":19,"column":53}},"15":{"start":{"line":20,"column":16},"end":{"line":20,"column":76}},"16":{"start":{"line":23,"column":34},"end":{"line":23,"column":74}},"17":{"start":{"line":24,"column":16},"end":{"line":24,"column":54}},"18":{"start":{"line":27,"column":16},"end":{"line":31,"column":46}},"19":{"start":{"line":33,"column":16},"end":{"line":33,"column":103}},"20":{"start":{"line":34,"column":16},"end":{"line":34,"column":61}},"21":{"start":{"line":36,"column":16},"end":{"line":88,"column":19}},"22":{"start":{"line":37,"column":20},"end":{"line":87,"column":21}},"23":{"start":{"line":38,"column":24},"end":{"line":38,"column":99}},"24":{"start":{"line":39,"column":24},"end":{"line":39,"column":60}},"25":{"start":{"line":40,"column":24},"end":{"line":43,"column":54}},"26":{"start":{"line":41,"column":26},"end":{"line":41,"column":52}},"27":{"start":{"line":43,"column":26},"end":{"line":43,"column":52}},"28":{"start":{"line":45,"column":40},"end":{"line":45,"column":73}},"29":{"start":{"line":46,"column":24},"end":{"line":46,"column":63}},"30":{"start":{"line":48,"column":24},"end":{"line":48,"column":63}},"31":{"start":{"line":49,"column":24},"end":{"line":49,"column":57}},"32":{"start":{"line":50,"column":24},"end":{"line":50,"column":51}},"33":{"start":{"line":51,"column":24},"end":{"line":51,"column":55}},"34":{"start":{"line":54,"column":24},"end":{"line":54,"column":52}},"35":{"start":{"line":55,"column":24},"end":{"line":55,"column":52}},"36":{"start":{"line":56,"column":24},"end":{"line":63,"column":26}},"37":{"start":{"line":64,"column":24},"end":{"line":64,"column":58}},"38":{"start":{"line":65,"column":24},"end":{"line":86,"column":26}},"39":{"start":{"line":66,"column":28},"end":{"line":85,"column":29}},"40":{"start":{"line":67,"column":32},"end":{"line":67,"column":108}},"41":{"start":{"line":68,"column":32},"end":{"line":68,"column":57}},"42":{"start":{"line":69,"column":32},"end":{"line":72,"column":62}},"43":{"start":{"line":70,"column":34},"end":{"line":70,"column":60}},"44":{"start":{"line":72,"column":34},"end":{"line":72,"column":60}},"45":{"start":{"line":74,"column":32},"end":{"line":74,"column":70}},"46":{"start":{"line":75,"column":32},"end":{"line":75,"column":89}},"47":{"start":{"line":76,"column":32},"end":{"line":76,"column":225}},"48":{"start":{"line":77,"column":32},"end":{"line":83,"column":35}},"49":{"start":{"line":78,"column":36},"end":{"line":82,"column":37}},"50":{"start":{"line":79,"column":40},"end":{"line":79,"column":59}},"51":{"start":{"line":81,"column":40},"end":{"line":81,"column":86}},"52":{"start":{"line":84,"column":32},"end":{"line":84,"column":103}},"53":{"start":{"line":98,"column":0},"end":{"line":134,"column":3}},"54":{"start":{"line":99,"column":19},"end":{"line":99,"column":47}},"55":{"start":{"line":101,"column":4},"end":{"line":133,"column":6}},"56":{"start":{"line":102,"column":8},"end":{"line":132,"column":9}},"57":{"start":{"line":103,"column":10},"end":{"line":103,"column":72}},"58":{"start":{"line":105,"column":12},"end":{"line":131,"column":77}},"59":{"start":{"line":106,"column":16},"end":{"line":128,"column":19}},"60":{"start":{"line":108,"column":20},"end":{"line":127,"column":84}},"61":{"start":{"line":109,"column":22},"end":{"line":109,"column":84}},"62":{"start":{"line":110,"column":25},"end":{"line":127,"column":84}},"63":{"start":{"line":111,"column":36},"end":{"line":111,"column":59}},"64":{"start":{"line":112,"column":24},"end":{"line":112,"column":43}},"65":{"start":{"line":114,"column":39},"end":{"line":114,"column":62}},"66":{"start":{"line":116,"column":24},"end":{"line":124,"column":27}},"67":{"start":{"line":117,"column":28},"end":{"line":123,"column":29}},"68":{"start":{"line":118,"column":30},"end":{"line":118,"column":92}},"69":{"start":{"line":120,"column":32},"end":{"line":122,"column":33}},"70":{"start":{"line":121,"column":36},"end":{"line":121,"column":221}},"71":{"start":{"line":127,"column":22},"end":{"line":127,"column":82}},"72":{"start":{"line":131,"column":14},"end":{"line":131,"column":75}},"73":{"start":{"line":136,"column":0},"end":{"line":136,"column":37}}},"fnMap":{"0":{"name":"(anonymous_0)","decl":{"start":{"line":11,"column":38},"end":{"line":11,"column":39}},"loc":{"start":{"line":11,"column":52},"end":{"line":94,"column":1}},"line":11},"1":{"name":"(anonymous_1)","decl":{"start":{"line":14,"column":59},"end":{"line":14,"column":60}},"loc":{"start":{"line":14,"column":74},"end":{"line":93,"column":5}},"line":14},"2":{"name":"(anonymous_2)","decl":{"start":{"line":36,"column":33},"end":{"line":36,"column":34}},"loc":{"start":{"line":36,"column":54},"end":{"line":88,"column":17}},"line":36},"3":{"name":"(anonymous_3)","decl":{"start":{"line":65,"column":39},"end":{"line":65,"column":40}},"loc":{"start":{"line":65,"column":62},"end":{"line":86,"column":25}},"line":65},"4":{"name":"(anonymous_4)","decl":{"start":{"line":77,"column":77},"end":{"line":77,"column":78}},"loc":{"start":{"line":77,"column":101},"end":{"line":83,"column":33}},"line":77},"5":{"name":"(anonymous_5)","decl":{"start":{"line":98,"column":35},"end":{"line":98,"column":36}},"loc":{"start":{"line":98,"column":49},"end":{"line":134,"column":1}},"line":98},"6":{"name":"(anonymous_6)","decl":{"start":{"line":101,"column":59},"end":{"line":101,"column":60}},"loc":{"start":{"line":101,"column":74},"end":{"line":133,"column":5}},"line":101},"7":{"name":"(anonymous_7)","decl":{"start":{"line":106,"column":65},"end":{"line":106,"column":66}},"loc":{"start":{"line":106,"column":89},"end":{"line":128,"column":17}},"line":106},"8":{"name":"(anonymous_8)","decl":{"start":{"line":116,"column":72},"end":{"line":116,"column":73}},"loc":{"start":{"line":116,"column":88},"end":{"line":124,"column":25}},"line":116}},"branchMap":{"0":{"loc":{"start":{"line":15,"column":8},"end":{"line":92,"column":9}},"type":"if","locations":[{"start":{"line":15,"column":8},"end":{"line":92,"column":9}},{"start":{"line":15,"column":8},"end":{"line":92,"column":9}}],"line":15},"1":{"loc":{"start":{"line":18,"column":12},"end":{"line":89,"column":13}},"type":"if","locations":[{"start":{"line":18,"column":12},"end":{"line":89,"column":13}},{"start":{"line":18,"column":12},"end":{"line":89,"column":13}}],"line":18},"2":{"loc":{"start":{"line":37,"column":20},"end":{"line":87,"column":21}},"type":"if","locations":[{"start":{"line":37,"column":20},"end":{"line":87,"column":21}},{"start":{"line":37,"column":20},"end":{"line":87,"column":21}}],"line":37},"3":{"loc":{"start":{"line":40,"column":24},"end":{"line":43,"column":54}},"type":"if","locations":[{"start":{"line":40,"column":24},"end":{"line":43,"column":54}},{"start":{"line":40,"column":24},"end":{"line":43,"column":54}}],"line":40},"4":{"loc":{"start":{"line":40,"column":28},"end":{"line":40,"column":104}},"type":"binary-expr","locations":[{"start":{"line":40,"column":28},"end":{"line":40,"column":44}},{"start":{"line":40,"column":48},"end":{"line":40,"column":104}}],"line":40},"5":{"loc":{"start":{"line":66,"column":28},"end":{"line":85,"column":29}},"type":"if","locations":[{"start":{"line":66,"column":28},"end":{"line":85,"column":29}},{"start":{"line":66,"column":28},"end":{"line":85,"column":29}}],"line":66},"6":{"loc":{"start":{"line":69,"column":32},"end":{"line":72,"column":62}},"type":"if","locations":[{"start":{"line":69,"column":32},"end":{"line":72,"column":62}},{"start":{"line":69,"column":32},"end":{"line":72,"column":62}}],"line":69},"7":{"loc":{"start":{"line":69,"column":36},"end":{"line":69,"column":114}},"type":"binary-expr","locations":[{"start":{"line":69,"column":36},"end":{"line":69,"column":53}},{"start":{"line":69,"column":57},"end":{"line":69,"column":114}}],"line":69},"8":{"loc":{"start":{"line":78,"column":36},"end":{"line":82,"column":37}},"type":"if","locations":[{"start":{"line":78,"column":36},"end":{"line":82,"column":37}},{"start":{"line":78,"column":36},"end":{"line":82,"column":37}}],"line":78},"9":{"loc":{"start":{"line":102,"column":8},"end":{"line":132,"column":9}},"type":"if","locations":[{"start":{"line":102,"column":8},"end":{"line":132,"column":9}},{"start":{"line":102,"column":8},"end":{"line":132,"column":9}}],"line":102},"10":{"loc":{"start":{"line":105,"column":12},"end":{"line":131,"column":77}},"type":"if","locations":[{"start":{"line":105,"column":12},"end":{"line":131,"column":77}},{"start":{"line":105,"column":12},"end":{"line":131,"column":77}}],"line":105},"11":{"loc":{"start":{"line":108,"column":20},"end":{"line":127,"column":84}},"type":"if","locations":[{"start":{"line":108,"column":20},"end":{"line":127,"column":84}},{"start":{"line":108,"column":20},"end":{"line":127,"column":84}}],"line":108},"12":{"loc":{"start":{"line":110,"column":25},"end":{"line":127,"column":84}},"type":"if","locations":[{"start":{"line":110,"column":25},"end":{"line":127,"column":84}},{"start":{"line":110,"column":25},"end":{"line":127,"column":84}}],"line":110},"13":{"loc":{"start":{"line":117,"column":28},"end":{"line":123,"column":29}},"type":"if","locations":[{"start":{"line":117,"column":28},"end":{"line":123,"column":29}},{"start":{"line":117,"column":28},"end":{"line":123,"column":29}}],"line":117},"14":{"loc":{"start":{"line":120,"column":32},"end":{"line":122,"column":33}},"type":"if","locations":[{"start":{"line":120,"column":32},"end":{"line":122,"column":33}},{"start":{"line":120,"column":32},"end":{"line":122,"column":33}}],"line":120}},"s":{"0":1,"1":1,"2":1,"3":1,"4":1,"5":1,"6":1,"7":1,"8":3,"9":3,"10":3,"11":3,"12":0,"13":3,"14":1,"15":1,"16":2,"17":2,"18":2,"19":2,"20":2,"21":2,"22":2,"23":0,"24":0,"25":0,"26":0,"27":0,"28":2,"29":2,"30":2,"31":2,"32":2,"33":2,"34":2,"35":2,"36":2,"37":2,"38":2,"39":2,"40":0,"41":0,"42":0,"43":0,"44":0,"45":2,"46":2,"47":2,"48":2,"49":0,"50":0,"51":0,"52":2,"53":1,"54":1,"55":1,"56":1,"57":0,"58":1,"59":1,"60":1,"61":0,"62":1,"63":1,"64":1,"65":1,"66":1,"67":1,"68":0,"69":1,"70":1,"71":0,"72":0,"73":1},"f":{"0":3,"1":3,"2":2,"3":2,"4":0,"5":1,"6":1,"7":1,"8":1},"b":{"0":[0,3],"1":[1,2],"2":[0,2],"3":[0,0],"4":[0,0],"5":[0,2],"6":[0,0],"7":[0,0],"8":[0,0],"9":[0,1],"10":[1,0],"11":[0,1],"12":[1,0],"13":[0,1],"14":[1,0]},"_coverageSchema":"d34fc3e6b8297bcde183f5492bcb8fcb36775295","hash":"f60b1655d8aae49ec6ea4c64f932b0d8d2f09c11","contentHash":"1f3e8ceaccc05077182e4cb4c5a9b499_12.0.2"},"D:\\Kalinga\\Final project\\MIB\\config\\mail.js":{"path":"D:\\Kalinga\\Final project\\MIB\\config\\mail.js","statementMap":{"0":{"start":{"line":1,"column":20},"end":{"line":1,"column":41}},"1":{"start":{"line":3,"column":21},"end":{"line":9,"column":2}},"2":{"start":{"line":10,"column":21},"end":{"line":16,"column":1}},"3":{"start":{"line":18,"column":0},"end":{"line":21,"column":1}}},"fnMap":{},"branchMap":{},"s":{"0":1,"1":1,"2":1,"3":1},"f":{},"b":{},"_coverageSchema":"d34fc3e6b8297bcde183f5492bcb8fcb36775295","hash":"23041f5c001126e4d6df9542771745268dec77d3","contentHash":"cadcec8baf9c60cb2cae342e77d719e1_12.0.2"},"D:\\Kalinga\\Final project\\MIB\\routes\\player\\player.js":{"path":"D:\\Kalinga\\Final project\\MIB\\routes\\player\\player.js","statementMap":{"0":{"start":{"line":1,"column":18},"end":{"line":1,"column":45}},"1":{"start":{"line":2,"column":16},"end":{"line":2,"column":40}},"2":{"start":{"line":3,"column":28},"end":{"line":3,"column":78}},"3":{"start":{"line":5,"column":15},"end":{"line":5,"column":61}},"4":{"start":{"line":6,"column":15},"end":{"line":6,"column":49}},"5":{"start":{"line":7,"column":12},"end":{"line":7,"column":44}},"6":{"start":{"line":11,"column":0},"end":{"line":15,"column":3}},"7":{"start":{"line":12,"column":4},"end":{"line":14,"column":7}},"8":{"start":{"line":13,"column":8},"end":{"line":13,"column":52}},"9":{"start":{"line":19,"column":0},"end":{"line":36,"column":3}},"10":{"start":{"line":20,"column":14},"end":{"line":20,"column":27}},"11":{"start":{"line":21,"column":4},"end":{"line":35,"column":7}},"12":{"start":{"line":22,"column":8},"end":{"line":34,"column":9}},"13":{"start":{"line":23,"column":12},"end":{"line":30,"column":15}},"14":{"start":{"line":24,"column":16},"end":{"line":29,"column":19}},"15":{"start":{"line":25,"column":20},"end":{"line":28,"column":23}},"16":{"start":{"line":26,"column":24},"end":{"line":26,"column":107}},"17":{"start":{"line":27,"column":24},"end":{"line":27,"column":31}},"18":{"start":{"line":32,"column":12},"end":{"line":32,"column":72}},"19":{"start":{"line":33,"column":12},"end":{"line":33,"column":19}},"20":{"start":{"line":38,"column":0},"end":{"line":38,"column":27}}},"fnMap":{"0":{"name":"(anonymous_0)","decl":{"start":{"line":11,"column":58},"end":{"line":11,"column":59}},"loc":{"start":{"line":11,"column":72},"end":{"line":15,"column":1}},"line":11},"1":{"name":"(anonymous_1)","decl":{"start":{"line":12,"column":48},"end":{"line":12,"column":49}},"loc":{"start":{"line":12,"column":72},"end":{"line":14,"column":5}},"line":12},"2":{"name":"(anonymous_2)","decl":{"start":{"line":19,"column":22},"end":{"line":19,"column":23}},"loc":{"start":{"line":19,"column":36},"end":{"line":36,"column":1}},"line":19},"3":{"name":"(anonymous_3)","decl":{"start":{"line":21,"column":74},"end":{"line":21,"column":75}},"loc":{"start":{"line":21,"column":98},"end":{"line":35,"column":5}},"line":21},"4":{"name":"(anonymous_4)","decl":{"start":{"line":23,"column":65},"end":{"line":23,"column":66}},"loc":{"start":{"line":23,"column":82},"end":{"line":30,"column":13}},"line":23},"5":{"name":"(anonymous_5)","decl":{"start":{"line":24,"column":81},"end":{"line":24,"column":82}},"loc":{"start":{"line":24,"column":98},"end":{"line":29,"column":17}},"line":24},"6":{"name":"(anonymous_6)","decl":{"start":{"line":25,"column":75},"end":{"line":25,"column":76}},"loc":{"start":{"line":25,"column":94},"end":{"line":28,"column":21}},"line":25}},"branchMap":{"0":{"loc":{"start":{"line":22,"column":8},"end":{"line":34,"column":9}},"type":"if","locations":[{"start":{"line":22,"column":8},"end":{"line":34,"column":9}},{"start":{"line":22,"column":8},"end":{"line":34,"column":9}}],"line":22}},"s":{"0":1,"1":1,"2":1,"3":1,"4":1,"5":1,"6":1,"7":0,"8":0,"9":1,"10":1,"11":1,"12":1,"13":1,"14":1,"15":1,"16":1,"17":1,"18":0,"19":0,"20":1},"f":{"0":0,"1":0,"2":1,"3":1,"4":1,"5":1,"6":1},"b":{"0":[1,0]},"_coverageSchema":"d34fc3e6b8297bcde183f5492bcb8fcb36775295","hash":"8466ed35a31d30c0380acab8145e736d2daa14c1","contentHash":"445918b2cbaa2a9637c1da8e2bcb370c_12.0.2"},"D:\\Kalinga\\Final project\\MIB\\DataModel\\PlayerDatabaseSchema.js":{"path":"D:\\Kalinga\\Final project\\MIB\\DataModel\\PlayerDatabaseSchema.js","statementMap":{"0":{"start":{"line":1,"column":15},"end":{"line":1,"column":34}},"1":{"start":{"line":2,"column":13},"end":{"line":2,"column":28}},"2":{"start":{"line":3,"column":0},"end":{"line":3,"column":37}},"3":{"start":{"line":5,"column":18},"end":{"line":5,"column":39}},"4":{"start":{"line":7,"column":26},"end":{"line":37,"column":2}},"5":{"start":{"line":39,"column":22},"end":{"line":73,"column":2}},"6":{"start":{"line":75,"column":20},"end":{"line":110,"column":2}},"7":{"start":{"line":112,"column":20},"end":{"line":147,"column":2}},"8":{"start":{"line":149,"column":20},"end":{"line":149,"column":72}},"9":{"start":{"line":150,"column":16},"end":{"line":150,"column":60}},"10":{"start":{"line":151,"column":26},"end":{"line":151,"column":78}},"11":{"start":{"line":152,"column":14},"end":{"line":152,"column":54}},"12":{"start":{"line":154,"column":0},"end":{"line":159,"column":2}}},"fnMap":{},"branchMap":{},"s":{"0":1,"1":1,"2":1,"3":1,"4":1,"5":1,"6":1,"7":1,"8":1,"9":1,"10":1,"11":1,"12":1},"f":{},"b":{},"_coverageSchema":"d34fc3e6b8297bcde183f5492bcb8fcb36775295","hash":"cf42033f5edc8051ae756c6f2634d8c099ecba34","contentHash":"28340b292f3919abe8e5175b2db6e1bd_12.0.2"},"D:\\Kalinga\\Final project\\MIB\\cronJob\\UpdatePlayersData.js":{"path":"D:\\Kalinga\\Final project\\MIB\\cronJob\\UpdatePlayersData.js","statementMap":{"0":{"start":{"line":1,"column":14},"end":{"line":1,"column":32}},"1":{"start":{"line":2,"column":16},"end":{"line":2,"column":40}},"2":{"start":{"line":3,"column":13},"end":{"line":3,"column":29}},"3":{"start":{"line":4,"column":17},"end":{"line":4,"column":39}},"4":{"start":{"line":5,"column":11},"end":{"line":5,"column":26}},"5":{"start":{"line":6,"column":16},"end":{"line":6,"column":40}},"6":{"start":{"line":7,"column":15},"end":{"line":7,"column":61}},"7":{"start":{"line":8,"column":15},"end":{"line":8,"column":35}},"8":{"start":{"line":10,"column":29},"end":{"line":10,"column":81}},"9":{"start":{"line":13,"column":13},"end":{"line":13,"column":43}},"10":{"start":{"line":15,"column":14},"end":{"line":32,"column":1}},"11":{"start":{"line":17,"column":4},"end":{"line":19,"column":6}},"12":{"start":{"line":18,"column":8},"end":{"line":18,"column":31}},"13":{"start":{"line":18,"column":19},"end":{"line":18,"column":31}},"14":{"start":{"line":21,"column":4},"end":{"line":23,"column":6}},"15":{"start":{"line":22,"column":8},"end":{"line":22,"column":31}},"16":{"start":{"line":22,"column":19},"end":{"line":22,"column":31}},"17":{"start":{"line":25,"column":4},"end":{"line":27,"column":6}},"18":{"start":{"line":26,"column":8},"end":{"line":26,"column":31}},"19":{"start":{"line":26,"column":19},"end":{"line":26,"column":31}},"20":{"start":{"line":29,"column":4},"end":{"line":31,"column":6}},"21":{"start":{"line":30,"column":8},"end":{"line":30,"column":31}},"22":{"start":{"line":30,"column":19},"end":{"line":30,"column":31}},"23":{"start":{"line":34,"column":16},"end":{"line":142,"column":1}},"24":{"start":{"line":35,"column":26},"end":{"line":35,"column":64}},"25":{"start":{"line":36,"column":22},"end":{"line":36,"column":56}},"26":{"start":{"line":37,"column":32},"end":{"line":37,"column":76}},"27":{"start":{"line":38,"column":20},"end":{"line":38,"column":52}},"28":{"start":{"line":40,"column":4},"end":{"line":40,"column":43}},"29":{"start":{"line":41,"column":4},"end":{"line":41,"column":50}},"30":{"start":{"line":42,"column":4},"end":{"line":42,"column":49}},"31":{"start":{"line":43,"column":4},"end":{"line":43,"column":54}},"32":{"start":{"line":44,"column":4},"end":{"line":44,"column":43}},"33":{"start":{"line":45,"column":4},"end":{"line":45,"column":36}},"34":{"start":{"line":46,"column":4},"end":{"line":46,"column":43}},"35":{"start":{"line":49,"column":4},"end":{"line":49,"column":57}},"36":{"start":{"line":52,"column":4},"end":{"line":55,"column":70}},"37":{"start":{"line":53,"column":12},"end":{"line":53,"column":37}},"38":{"start":{"line":55,"column":12},"end":{"line":55,"column":66}},"39":{"start":{"line":57,"column":4},"end":{"line":60,"column":59}},"40":{"start":{"line":58,"column":8},"end":{"line":58,"column":27}},"41":{"start":{"line":60,"column":8},"end":{"line":60,"column":55}},"42":{"start":{"line":62,"column":4},"end":{"line":65,"column":69}},"43":{"start":{"line":63,"column":8},"end":{"line":63,"column":34}},"44":{"start":{"line":65,"column":8},"end":{"line":65,"column":65}},"45":{"start":{"line":67,"column":4},"end":{"line":70,"column":66}},"46":{"start":{"line":68,"column":8},"end":{"line":68,"column":32}},"47":{"start":{"line":70,"column":8},"end":{"line":70,"column":62}},"48":{"start":{"line":72,"column":4},"end":{"line":75,"column":65}},"49":{"start":{"line":73,"column":8},"end":{"line":73,"column":32}},"50":{"start":{"line":75,"column":8},"end":{"line":75,"column":61}},"51":{"start":{"line":77,"column":4},"end":{"line":80,"column":60}},"52":{"start":{"line":78,"column":8},"end":{"line":78,"column":27}},"53":{"start":{"line":80,"column":8},"end":{"line":80,"column":56}},"54":{"start":{"line":82,"column":4},"end":{"line":82,"column":25}},"55":{"start":{"line":85,"column":4},"end":{"line":85,"column":68}},"56":{"start":{"line":86,"column":4},"end":{"line":86,"column":69}},"57":{"start":{"line":87,"column":4},"end":{"line":87,"column":62}},"58":{"start":{"line":88,"column":4},"end":{"line":88,"column":72}},"59":{"start":{"line":89,"column":4},"end":{"line":89,"column":69}},"60":{"start":{"line":90,"column":4},"end":{"line":93,"column":79}},"61":{"start":{"line":91,"column":12},"end":{"line":91,"column":48}},"62":{"start":{"line":93,"column":11},"end":{"line":93,"column":75}},"63":{"start":{"line":95,"column":8},"end":{"line":98,"column":75}},"64":{"start":{"line":96,"column":12},"end":{"line":96,"column":43}},"65":{"start":{"line":98,"column":12},"end":{"line":98,"column":71}},"66":{"start":{"line":100,"column":4},"end":{"line":100,"column":63}},"67":{"start":{"line":101,"column":4},"end":{"line":101,"column":37}},"68":{"start":{"line":104,"column":4},"end":{"line":104,"column":59}},"69":{"start":{"line":105,"column":4},"end":{"line":105,"column":60}},"70":{"start":{"line":106,"column":4},"end":{"line":106,"column":53}},"71":{"start":{"line":107,"column":4},"end":{"line":107,"column":63}},"72":{"start":{"line":108,"column":4},"end":{"line":108,"column":60}},"73":{"start":{"line":109,"column":4},"end":{"line":109,"column":59}},"74":{"start":{"line":110,"column":4},"end":{"line":110,"column":54}},"75":{"start":{"line":111,"column":4},"end":{"line":111,"column":27}},"76":{"start":{"line":114,"column":4},"end":{"line":141,"column":7}},"77":{"start":{"line":115,"column":8},"end":{"line":115,"column":31}},"78":{"start":{"line":115,"column":19},"end":{"line":115,"column":31}},"79":{"start":{"line":117,"column":8},"end":{"line":117,"column":43}},"80":{"start":{"line":119,"column":8},"end":{"line":119,"column":38}},"81":{"start":{"line":121,"column":8},"end":{"line":140,"column":11}},"82":{"start":{"line":122,"column":12},"end":{"line":122,"column":37}},"83":{"start":{"line":122,"column":24},"end":{"line":122,"column":37}},"84":{"start":{"line":124,"column":12},"end":{"line":124,"column":44}},"85":{"start":{"line":125,"column":12},"end":{"line":125,"column":54}},"86":{"start":{"line":127,"column":12},"end":{"line":139,"column":15}},"87":{"start":{"line":128,"column":16},"end":{"line":128,"column":41}},"88":{"start":{"line":128,"column":28},"end":{"line":128,"column":41}},"89":{"start":{"line":130,"column":16},"end":{"line":130,"column":48}},"90":{"start":{"line":131,"column":16},"end":{"line":131,"column":48}},"91":{"start":{"line":133,"column":16},"end":{"line":138,"column":19}},"92":{"start":{"line":134,"column":20},"end":{"line":134,"column":45}},"93":{"start":{"line":134,"column":32},"end":{"line":134,"column":45}},"94":{"start":{"line":136,"column":20},"end":{"line":136,"column":53}},"95":{"start":{"line":137,"column":20},"end":{"line":137,"column":34}},"96":{"start":{"line":144,"column":14},"end":{"line":144,"column":98}},"97":{"start":{"line":145,"column":19},"end":{"line":145,"column":20}},"98":{"start":{"line":146,"column":11},"end":{"line":146,"column":13}},"99":{"start":{"line":148,"column":8},"end":{"line":179,"column":2}},"100":{"start":{"line":149,"column":4},"end":{"line":149,"column":36}},"101":{"start":{"line":150,"column":4},"end":{"line":150,"column":14}},"102":{"start":{"line":151,"column":4},"end":{"line":178,"column":7}},"103":{"start":{"line":152,"column":20},"end":{"line":152,"column":36}},"104":{"start":{"line":154,"column":8},"end":{"line":154,"column":38}},"105":{"start":{"line":155,"column":18},"end":{"line":155,"column":32}},"106":{"start":{"line":157,"column":18},"end":{"line":157,"column":83}},"107":{"start":{"line":158,"column":8},"end":{"line":158,"column":34}},"108":{"start":{"line":160,"column":30},"end":{"line":160,"column":72}},"109":{"start":{"line":162,"column":22},"end":{"line":175,"column":16}},"110":{"start":{"line":163,"column":12},"end":{"line":165,"column":15}},"111":{"start":{"line":164,"column":16},"end":{"line":164,"column":30}},"112":{"start":{"line":167,"column":12},"end":{"line":174,"column":15}},"113":{"start":{"line":168,"column":29},"end":{"line":168,"column":45}},"114":{"start":{"line":169,"column":16},"end":{"line":169,"column":56}},"115":{"start":{"line":170,"column":16},"end":{"line":173,"column":19}},"116":{"start":{"line":171,"column":20},"end":{"line":171,"column":30}},"117":{"start":{"line":172,"column":20},"end":{"line":172,"column":32}},"118":{"start":{"line":177,"column":8},"end":{"line":177,"column":52}},"119":{"start":{"line":181,"column":0},"end":{"line":181,"column":22}}},"fnMap":{"0":{"name":"dropFunction","decl":{"start":{"line":15,"column":23},"end":{"line":15,"column":35}},"loc":{"start":{"line":15,"column":37},"end":{"line":32,"column":1}},"line":15},"1":{"name":"(anonymous_1)","decl":{"start":{"line":17,"column":46},"end":{"line":17,"column":47}},"loc":{"start":{"line":17,"column":65},"end":{"line":19,"column":5}},"line":17},"2":{"name":"(anonymous_2)","decl":{"start":{"line":21,"column":42},"end":{"line":21,"column":43}},"loc":{"start":{"line":21,"column":61},"end":{"line":23,"column":5}},"line":21},"3":{"name":"(anonymous_3)","decl":{"start":{"line":25,"column":52},"end":{"line":25,"column":53}},"loc":{"start":{"line":25,"column":71},"end":{"line":27,"column":5}},"line":25},"4":{"name":"(anonymous_4)","decl":{"start":{"line":29,"column":40},"end":{"line":29,"column":41}},"loc":{"start":{"line":29,"column":59},"end":{"line":31,"column":5}},"line":29},"5":{"name":"(anonymous_5)","decl":{"start":{"line":34,"column":16},"end":{"line":34,"column":17}},"loc":{"start":{"line":34,"column":46},"end":{"line":142,"column":1}},"line":34},"6":{"name":"(anonymous_6)","decl":{"start":{"line":114,"column":23},"end":{"line":114,"column":24}},"loc":{"start":{"line":114,"column":42},"end":{"line":141,"column":5}},"line":114},"7":{"name":"(anonymous_7)","decl":{"start":{"line":121,"column":21},"end":{"line":121,"column":22}},"loc":{"start":{"line":121,"column":42},"end":{"line":140,"column":9}},"line":121},"8":{"name":"(anonymous_8)","decl":{"start":{"line":127,"column":37},"end":{"line":127,"column":38}},"loc":{"start":{"line":127,"column":58},"end":{"line":139,"column":13}},"line":127},"9":{"name":"(anonymous_9)","decl":{"start":{"line":133,"column":31},"end":{"line":133,"column":32}},"loc":{"start":{"line":133,"column":52},"end":{"line":138,"column":17}},"line":133},"10":{"name":"(anonymous_10)","decl":{"start":{"line":148,"column":43},"end":{"line":148,"column":44}},"loc":{"start":{"line":148,"column":55},"end":{"line":179,"column":1}},"line":148},"11":{"name":"(anonymous_11)","decl":{"start":{"line":151,"column":27},"end":{"line":151,"column":28}},"loc":{"start":{"line":151,"column":43},"end":{"line":176,"column":5}},"line":151},"12":{"name":"(anonymous_12)","decl":{"start":{"line":162,"column":40},"end":{"line":162,"column":41}},"loc":{"start":{"line":162,"column":52},"end":{"line":175,"column":9}},"line":162},"13":{"name":"(anonymous_13)","decl":{"start":{"line":163,"column":32},"end":{"line":163,"column":33}},"loc":{"start":{"line":163,"column":49},"end":{"line":165,"column":13}},"line":163},"14":{"name":"(anonymous_14)","decl":{"start":{"line":167,"column":31},"end":{"line":167,"column":32}},"loc":{"start":{"line":167,"column":43},"end":{"line":174,"column":13}},"line":167},"15":{"name":"(anonymous_15)","decl":{"start":{"line":170,"column":33},"end":{"line":170,"column":34}},"loc":{"start":{"line":170,"column":37},"end":{"line":173,"column":17}},"line":170},"16":{"name":"(anonymous_16)","decl":{"start":{"line":176,"column":7},"end":{"line":176,"column":8}},"loc":{"start":{"line":176,"column":19},"end":{"line":178,"column":5}},"line":176}},"branchMap":{"0":{"loc":{"start":{"line":18,"column":8},"end":{"line":18,"column":31}},"type":"if","locations":[{"start":{"line":18,"column":8},"end":{"line":18,"column":31}},{"start":{"line":18,"column":8},"end":{"line":18,"column":31}}],"line":18},"1":{"loc":{"start":{"line":22,"column":8},"end":{"line":22,"column":31}},"type":"if","locations":[{"start":{"line":22,"column":8},"end":{"line":22,"column":31}},{"start":{"line":22,"column":8},"end":{"line":22,"column":31}}],"line":22},"2":{"loc":{"start":{"line":26,"column":8},"end":{"line":26,"column":31}},"type":"if","locations":[{"start":{"line":26,"column":8},"end":{"line":26,"column":31}},{"start":{"line":26,"column":8},"end":{"line":26,"column":31}}],"line":26},"3":{"loc":{"start":{"line":30,"column":8},"end":{"line":30,"column":31}},"type":"if","locations":[{"start":{"line":30,"column":8},"end":{"line":30,"column":31}},{"start":{"line":30,"column":8},"end":{"line":30,"column":31}}],"line":30},"4":{"loc":{"start":{"line":52,"column":4},"end":{"line":55,"column":70}},"type":"if","locations":[{"start":{"line":52,"column":4},"end":{"line":55,"column":70}},{"start":{"line":52,"column":4},"end":{"line":55,"column":70}}],"line":52},"5":{"loc":{"start":{"line":57,"column":4},"end":{"line":60,"column":59}},"type":"if","locations":[{"start":{"line":57,"column":4},"end":{"line":60,"column":59}},{"start":{"line":57,"column":4},"end":{"line":60,"column":59}}],"line":57},"6":{"loc":{"start":{"line":62,"column":4},"end":{"line":65,"column":69}},"type":"if","locations":[{"start":{"line":62,"column":4},"end":{"line":65,"column":69}},{"start":{"line":62,"column":4},"end":{"line":65,"column":69}}],"line":62},"7":{"loc":{"start":{"line":67,"column":4},"end":{"line":70,"column":66}},"type":"if","locations":[{"start":{"line":67,"column":4},"end":{"line":70,"column":66}},{"start":{"line":67,"column":4},"end":{"line":70,"column":66}}],"line":67},"8":{"loc":{"start":{"line":72,"column":4},"end":{"line":75,"column":65}},"type":"if","locations":[{"start":{"line":72,"column":4},"end":{"line":75,"column":65}},{"start":{"line":72,"column":4},"end":{"line":75,"column":65}}],"line":72},"9":{"loc":{"start":{"line":77,"column":4},"end":{"line":80,"column":60}},"type":"if","locations":[{"start":{"line":77,"column":4},"end":{"line":80,"column":60}},{"start":{"line":77,"column":4},"end":{"line":80,"column":60}}],"line":77},"10":{"loc":{"start":{"line":90,"column":4},"end":{"line":93,"column":79}},"type":"if","locations":[{"start":{"line":90,"column":4},"end":{"line":93,"column":79}},{"start":{"line":90,"column":4},"end":{"line":93,"column":79}}],"line":90},"11":{"loc":{"start":{"line":95,"column":8},"end":{"line":98,"column":75}},"type":"if","locations":[{"start":{"line":95,"column":8},"end":{"line":98,"column":75}},{"start":{"line":95,"column":8},"end":{"line":98,"column":75}}],"line":95},"12":{"loc":{"start":{"line":115,"column":8},"end":{"line":115,"column":31}},"type":"if","locations":[{"start":{"line":115,"column":8},"end":{"line":115,"column":31}},{"start":{"line":115,"column":8},"end":{"line":115,"column":31}}],"line":115},"13":{"loc":{"start":{"line":122,"column":12},"end":{"line":122,"column":37}},"type":"if","locations":[{"start":{"line":122,"column":12},"end":{"line":122,"column":37}},{"start":{"line":122,"column":12},"end":{"line":122,"column":37}}],"line":122},"14":{"loc":{"start":{"line":128,"column":16},"end":{"line":128,"column":41}},"type":"if","locations":[{"start":{"line":128,"column":16},"end":{"line":128,"column":41}},{"start":{"line":128,"column":16},"end":{"line":128,"column":41}}],"line":128},"15":{"loc":{"start":{"line":134,"column":20},"end":{"line":134,"column":45}},"type":"if","locations":[{"start":{"line":134,"column":20},"end":{"line":134,"column":45}},{"start":{"line":134,"column":20},"end":{"line":134,"column":45}}],"line":134}},"s":{"0":1,"1":1,"2":1,"3":1,"4":1,"5":1,"6":1,"7":1,"8":1,"9":1,"10":1,"11":0,"12":0,"13":0,"14":0,"15":0,"16":0,"17":0,"18":0,"19":0,"20":0,"21":0,"22":0,"23":1,"24":0,"25":0,"26":0,"27":0,"28":0,"29":0,"30":0,"31":0,"32":0,"33":0,"34":0,"35":0,"36":0,"37":0,"38":0,"39":0,"40":0,"41":0,"42":0,"43":0,"44":0,"45":0,"46":0,"47":0,"48":0,"49":0,"50":0,"51":0,"52":0,"53":0,"54":0,"55":0,"56":0,"57":0,"58":0,"59":0,"60":0,"61":0,"62":0,"63":0,"64":0,"65":0,"66":0,"67":0,"68":0,"69":0,"70":0,"71":0,"72":0,"73":0,"74":0,"75":0,"76":0,"77":0,"78":0,"79":0,"80":0,"81":0,"82":0,"83":0,"84":0,"85":0,"86":0,"87":0,"88":0,"89":0,"90":0,"91":0,"92":0,"93":0,"94":0,"95":0,"96":1,"97":1,"98":1,"99":1,"100":0,"101":0,"102":0,"103":0,"104":0,"105":0,"106":0,"107":0,"108":0,"109":0,"110":0,"111":0,"112":0,"113":0,"114":0,"115":0,"116":0,"117":0,"118":0,"119":1},"f":{"0":0,"1":0,"2":0,"3":0,"4":0,"5":0,"6":0,"7":0,"8":0,"9":0,"10":0,"11":0,"12":0,"13":0,"14":0,"15":0,"16":0},"b":{"0":[0,0],"1":[0,0],"2":[0,0],"3":[0,0],"4":[0,0],"5":[0,0],"6":[0,0],"7":[0,0],"8":[0,0],"9":[0,0],"10":[0,0],"11":[0,0],"12":[0,0],"13":[0,0],"14":[0,0],"15":[0,0]},"_coverageSchema":"d34fc3e6b8297bcde183f5492bcb8fcb36775295","hash":"24aef131c72c9c87afedf73d327168ae55eb1f9a","contentHash":"a3dd17490e587cffde351586ef04d745_12.0.2"},"D:\\Kalinga\\Final project\\MIB\\cronJob\\updateVideosData.js":{"path":"D:\\Kalinga\\Final project\\MIB\\cronJob\\updateVideosData.js","statementMap":{"0":{"start":{"line":1,"column":23},"end":{"line":1,"column":50}},"1":{"start":{"line":2,"column":16},"end":{"line":2,"column":40}},"2":{"start":{"line":3,"column":16},"end":{"line":3,"column":40}},"3":{"start":{"line":4,"column":14},"end":{"line":4,"column":30}},"4":{"start":{"line":5,"column":15},"end":{"line":5,"column":61}},"5":{"start":{"line":6,"column":18},"end":{"line":6,"column":39}},"6":{"start":{"line":7,"column":17},"end":{"line":7,"column":19}},"7":{"start":{"line":8,"column":23},"end":{"line":8,"column":73}},"8":{"start":{"line":9,"column":13},"end":{"line":9,"column":54}},"9":{"start":{"line":11,"column":16},"end":{"line":17,"column":1}},"10":{"start":{"line":12,"column":4},"end":{"line":12,"column":37}},"11":{"start":{"line":14,"column":18},"end":{"line":14,"column":159}},"12":{"start":{"line":16,"column":4},"end":{"line":16,"column":30}},"13":{"start":{"line":19,"column":15},"end":{"line":42,"column":1}},"14":{"start":{"line":20,"column":24},"end":{"line":20,"column":61}},"15":{"start":{"line":22,"column":4},"end":{"line":22,"column":42}},"16":{"start":{"line":24,"column":4},"end":{"line":24,"column":59}},"17":{"start":{"line":25,"column":4},"end":{"line":25,"column":44}},"18":{"start":{"line":26,"column":4},"end":{"line":26,"column":30}},"19":{"start":{"line":27,"column":4},"end":{"line":27,"column":34}},"20":{"start":{"line":28,"column":4},"end":{"line":28,"column":25}},"21":{"start":{"line":29,"column":4},"end":{"line":29,"column":28}},"22":{"start":{"line":30,"column":4},"end":{"line":30,"column":47}},"23":{"start":{"line":31,"column":4},"end":{"line":31,"column":41}},"24":{"start":{"line":32,"column":4},"end":{"line":32,"column":67}},"25":{"start":{"line":34,"column":4},"end":{"line":41,"column":6}},"26":{"start":{"line":35,"column":8},"end":{"line":40,"column":9}},"27":{"start":{"line":36,"column":12},"end":{"line":36,"column":39}},"28":{"start":{"line":38,"column":12},"end":{"line":38,"column":41}},"29":{"start":{"line":44,"column":8},"end":{"line":55,"column":2}},"30":{"start":{"line":45,"column":4},"end":{"line":45,"column":42}},"31":{"start":{"line":47,"column":4},"end":{"line":47,"column":37}},"32":{"start":{"line":49,"column":4},"end":{"line":52,"column":5}},"33":{"start":{"line":50,"column":25},"end":{"line":50,"column":44}},"34":{"start":{"line":51,"column":8},"end":{"line":51,"column":29}},"35":{"start":{"line":54,"column":4},"end":{"line":54,"column":46}},"36":{"start":{"line":57,"column":0},"end":{"line":57,"column":32}}},"fnMap":{"0":{"name":"(anonymous_0)","decl":{"start":{"line":11,"column":16},"end":{"line":11,"column":17}},"loc":{"start":{"line":11,"column":32},"end":{"line":17,"column":1}},"line":11},"1":{"name":"(anonymous_1)","decl":{"start":{"line":19,"column":15},"end":{"line":19,"column":16}},"loc":{"start":{"line":19,"column":32},"end":{"line":42,"column":1}},"line":19},"2":{"name":"(anonymous_2)","decl":{"start":{"line":34,"column":21},"end":{"line":34,"column":22}},"loc":{"start":{"line":34,"column":38},"end":{"line":41,"column":5}},"line":34},"3":{"name":"(anonymous_3)","decl":{"start":{"line":44,"column":43},"end":{"line":44,"column":44}},"loc":{"start":{"line":44,"column":61},"end":{"line":55,"column":1}},"line":44}},"branchMap":{"0":{"loc":{"start":{"line":35,"column":8},"end":{"line":40,"column":9}},"type":"if","locations":[{"start":{"line":35,"column":8},"end":{"line":40,"column":9}},{"start":{"line":35,"column":8},"end":{"line":40,"column":9}}],"line":35}},"s":{"0":1,"1":1,"2":1,"3":1,"4":1,"5":1,"6":1,"7":1,"8":1,"9":1,"10":0,"11":0,"12":0,"13":1,"14":0,"15":0,"16":0,"17":0,"18":0,"19":0,"20":0,"21":0,"22":0,"23":0,"24":0,"25":0,"26":0,"27":0,"28":0,"29":1,"30":0,"31":0,"32":0,"33":0,"34":0,"35":0,"36":1},"f":{"0":0,"1":0,"2":0,"3":0},"b":{"0":[0,0]},"_coverageSchema":"d34fc3e6b8297bcde183f5492bcb8fcb36775295","hash":"9bf0a49d5a81bacfc2cc2c1142325a370896f0cb","contentHash":"be43da5b5cbb74893279929d997a2821_12.0.2"},"D:\\Kalinga\\Final project\\MIB\\DataModel\\videoDetailsSchema.js":{"path":"D:\\Kalinga\\Final project\\MIB\\DataModel\\videoDetailsSchema.js","statementMap":{"0":{"start":{"line":1,"column":15},"end":{"line":1,"column":34}},"1":{"start":{"line":2,"column":13},"end":{"line":2,"column":28}},"2":{"start":{"line":4,"column":25},"end":{"line":14,"column":2}},"3":{"start":{"line":16,"column":28},"end":{"line":22,"column":2}},"4":{"start":{"line":24,"column":25},"end":{"line":30,"column":2}},"5":{"start":{"line":31,"column":25},"end":{"line":31,"column":75}},"6":{"start":{"line":32,"column":22},"end":{"line":32,"column":78}},"7":{"start":{"line":33,"column":19},"end":{"line":33,"column":75}},"8":{"start":{"line":35,"column":0},"end":{"line":39,"column":1}}},"fnMap":{},"branchMap":{},"s":{"0":1,"1":1,"2":1,"3":1,"4":1,"5":1,"6":1,"7":1,"8":1},"f":{},"b":{},"_coverageSchema":"d34fc3e6b8297bcde183f5492bcb8fcb36775295","hash":"8d3d86f7d2796d9f4d7bd008df10b8bc0d97e786","contentHash":"589b9dabed0c92c15f2aa3cbc5c5bf24_12.0.2"},"D:\\Kalinga\\Final project\\MIB\\routes\\users\\user\\videos.js":{"path":"D:\\Kalinga\\Final project\\MIB\\routes\\users\\user\\videos.js","statementMap":{"0":{"start":{"line":1,"column":15},"end":{"line":1,"column":42}},"1":{"start":{"line":2,"column":16},"end":{"line":2,"column":40}},"2":{"start":{"line":3,"column":21},"end":{"line":3,"column":71}},"3":{"start":{"line":4,"column":15},"end":{"line":4,"column":61}},"4":{"start":{"line":5,"column":15},"end":{"line":5,"column":39}},"5":{"start":{"line":6,"column":12},"end":{"line":6,"column":52}},"6":{"start":{"line":7,"column":15},"end":{"line":7,"column":49}},"7":{"start":{"line":8,"column":12},"end":{"line":8,"column":28}},"8":{"start":{"line":9,"column":25},"end":{"line":9,"column":72}},"9":{"start":{"line":11,"column":12},"end":{"line":11,"column":28}},"10":{"start":{"line":12,"column":13},"end":{"line":12,"column":50}},"11":{"start":{"line":14,"column":12},"end":{"line":14,"column":44}},"12":{"start":{"line":18,"column":0},"end":{"line":92,"column":3}},"13":{"start":{"line":83,"column":4},"end":{"line":91,"column":6}},"14":{"start":{"line":84,"column":8},"end":{"line":90,"column":9}},"15":{"start":{"line":85,"column":10},"end":{"line":85,"column":72}},"16":{"start":{"line":87,"column":12},"end":{"line":89,"column":13}},"17":{"start":{"line":88,"column":16},"end":{"line":88,"column":63}},"18":{"start":{"line":96,"column":0},"end":{"line":114,"column":3}},"19":{"start":{"line":97,"column":16},"end":{"line":97,"column":42}},"20":{"start":{"line":98,"column":24},"end":{"line":98,"column":46}},"21":{"start":{"line":100,"column":23},"end":{"line":100,"column":52}},"22":{"start":{"line":101,"column":4},"end":{"line":101,"column":44}},"23":{"start":{"line":102,"column":4},"end":{"line":102,"column":42}},"24":{"start":{"line":103,"column":4},"end":{"line":103,"column":43}},"25":{"start":{"line":104,"column":4},"end":{"line":104,"column":42}},"26":{"start":{"line":105,"column":4},"end":{"line":105,"column":46}},"27":{"start":{"line":107,"column":4},"end":{"line":113,"column":7}},"28":{"start":{"line":108,"column":8},"end":{"line":112,"column":9}},"29":{"start":{"line":109,"column":12},"end":{"line":109,"column":74}},"30":{"start":{"line":111,"column":12},"end":{"line":111,"column":84}},"31":{"start":{"line":118,"column":0},"end":{"line":162,"column":3}},"32":{"start":{"line":119,"column":14},"end":{"line":119,"column":30}},"33":{"start":{"line":120,"column":16},"end":{"line":120,"column":42}},"34":{"start":{"line":121,"column":24},"end":{"line":121,"column":46}},"35":{"start":{"line":123,"column":21},"end":{"line":123,"column":53}},"36":{"start":{"line":124,"column":4},"end":{"line":124,"column":29}},"37":{"start":{"line":125,"column":4},"end":{"line":125,"column":40}},"38":{"start":{"line":126,"column":4},"end":{"line":126,"column":41}},"39":{"start":{"line":127,"column":4},"end":{"line":127,"column":40}},"40":{"start":{"line":128,"column":4},"end":{"line":128,"column":38}},"41":{"start":{"line":130,"column":4},"end":{"line":161,"column":6}},"42":{"start":{"line":131,"column":8},"end":{"line":160,"column":9}},"43":{"start":{"line":132,"column":10},"end":{"line":132,"column":72}},"44":{"start":{"line":134,"column":12},"end":{"line":159,"column":13}},"45":{"start":{"line":137,"column":33},"end":{"line":137,"column":110}},"46":{"start":{"line":137,"column":122},"end":{"line":137,"column":147}},"47":{"start":{"line":138,"column":28},"end":{"line":138,"column":43}},"48":{"start":{"line":140,"column":16},"end":{"line":140,"column":91}},"49":{"start":{"line":143,"column":20},"end":{"line":143,"column":47}},"50":{"start":{"line":144,"column":20},"end":{"line":144,"column":90}},"51":{"start":{"line":150,"column":16},"end":{"line":158,"column":19}},"52":{"start":{"line":151,"column":20},"end":{"line":157,"column":21}},"53":{"start":{"line":152,"column":24},"end":{"line":152,"column":86}},"54":{"start":{"line":155,"column":24},"end":{"line":155,"column":58}},"55":{"start":{"line":156,"column":24},"end":{"line":156,"column":94}},"56":{"start":{"line":166,"column":0},"end":{"line":208,"column":3}},"57":{"start":{"line":167,"column":14},"end":{"line":167,"column":30}},"58":{"start":{"line":168,"column":16},"end":{"line":168,"column":42}},"59":{"start":{"line":169,"column":24},"end":{"line":169,"column":46}},"60":{"start":{"line":171,"column":21},"end":{"line":171,"column":53}},"61":{"start":{"line":172,"column":4},"end":{"line":172,"column":29}},"62":{"start":{"line":173,"column":4},"end":{"line":173,"column":40}},"63":{"start":{"line":174,"column":4},"end":{"line":174,"column":41}},"64":{"start":{"line":175,"column":4},"end":{"line":175,"column":40}},"65":{"start":{"line":176,"column":4},"end":{"line":176,"column":38}},"66":{"start":{"line":178,"column":4},"end":{"line":207,"column":6}},"67":{"start":{"line":179,"column":8},"end":{"line":206,"column":9}},"68":{"start":{"line":180,"column":10},"end":{"line":180,"column":72}},"69":{"start":{"line":182,"column":12},"end":{"line":205,"column":13}},"70":{"start":{"line":184,"column":33},"end":{"line":184,"column":110}},"71":{"start":{"line":184,"column":122},"end":{"line":184,"column":147}},"72":{"start":{"line":185,"column":28},"end":{"line":185,"column":43}},"73":{"start":{"line":187,"column":16},"end":{"line":187,"column":91}},"74":{"start":{"line":190,"column":20},"end":{"line":190,"column":49}},"75":{"start":{"line":191,"column":20},"end":{"line":191,"column":92}},"76":{"start":{"line":196,"column":16},"end":{"line":204,"column":19}},"77":{"start":{"line":197,"column":20},"end":{"line":203,"column":21}},"78":{"start":{"line":198,"column":24},"end":{"line":198,"column":86}},"79":{"start":{"line":201,"column":24},"end":{"line":201,"column":60}},"80":{"start":{"line":202,"column":24},"end":{"line":202,"column":96}},"81":{"start":{"line":211,"column":4},"end":{"line":217,"column":6}},"82":{"start":{"line":212,"column":8},"end":{"line":216,"column":9}},"83":{"start":{"line":213,"column":25},"end":{"line":213,"column":46}},"84":{"start":{"line":214,"column":12},"end":{"line":214,"column":30}},"85":{"start":{"line":215,"column":12},"end":{"line":215,"column":71}},"86":{"start":{"line":219,"column":4},"end":{"line":228,"column":6}},"87":{"start":{"line":220,"column":8},"end":{"line":227,"column":9}},"88":{"start":{"line":221,"column":25},"end":{"line":221,"column":46}},"89":{"start":{"line":222,"column":12},"end":{"line":222,"column":30}},"90":{"start":{"line":223,"column":12},"end":{"line":223,"column":73}},"91":{"start":{"line":226,"column":12},"end":{"line":226,"column":68}},"92":{"start":{"line":232,"column":4},"end":{"line":241,"column":6}},"93":{"start":{"line":233,"column":8},"end":{"line":240,"column":9}},"94":{"start":{"line":234,"column":25},"end":{"line":234,"column":46}},"95":{"start":{"line":235,"column":12},"end":{"line":235,"column":30}},"96":{"start":{"line":236,"column":12},"end":{"line":236,"column":71}},"97":{"start":{"line":239,"column":12},"end":{"line":239,"column":66}},"98":{"start":{"line":243,"column":4},"end":{"line":249,"column":6}},"99":{"start":{"line":244,"column":8},"end":{"line":248,"column":9}},"100":{"start":{"line":245,"column":25},"end":{"line":245,"column":46}},"101":{"start":{"line":246,"column":12},"end":{"line":246,"column":30}},"102":{"start":{"line":247,"column":12},"end":{"line":247,"column":73}},"103":{"start":{"line":253,"column":4},"end":{"line":262,"column":6}},"104":{"start":{"line":254,"column":8},"end":{"line":261,"column":9}},"105":{"start":{"line":255,"column":25},"end":{"line":255,"column":46}},"106":{"start":{"line":256,"column":12},"end":{"line":256,"column":30}},"107":{"start":{"line":257,"column":12},"end":{"line":257,"column":64}},"108":{"start":{"line":260,"column":12},"end":{"line":260,"column":59}},"109":{"start":{"line":267,"column":0},"end":{"line":314,"column":3}},"110":{"start":{"line":268,"column":14},"end":{"line":268,"column":30}},"111":{"start":{"line":269,"column":4},"end":{"line":303,"column":7}},"112":{"start":{"line":277,"column":12},"end":{"line":277,"column":134}},"113":{"start":{"line":281,"column":12},"end":{"line":281,"column":45}},"114":{"start":{"line":285,"column":12},"end":{"line":285,"column":47}},"115":{"start":{"line":288,"column":8},"end":{"line":302,"column":9}},"116":{"start":{"line":289,"column":10},"end":{"line":289,"column":72}},"117":{"start":{"line":291,"column":29},"end":{"line":291,"column":30}},"118":{"start":{"line":292,"column":31},"end":{"line":292,"column":32}},"119":{"start":{"line":294,"column":12},"end":{"line":295,"column":49}},"120":{"start":{"line":295,"column":16},"end":{"line":295,"column":47}},"121":{"start":{"line":297,"column":12},"end":{"line":298,"column":53}},"122":{"start":{"line":298,"column":16},"end":{"line":298,"column":51}},"123":{"start":{"line":300,"column":30},"end":{"line":300,"column":119}},"124":{"start":{"line":301,"column":12},"end":{"line":301,"column":63}},"125":{"start":{"line":337,"column":0},"end":{"line":388,"column":3}},"126":{"start":{"line":338,"column":15},"end":{"line":338,"column":51}},"127":{"start":{"line":339,"column":4},"end":{"line":339,"column":22}},"128":{"start":{"line":340,"column":4},"end":{"line":361,"column":7}},"129":{"start":{"line":341,"column":21},"end":{"line":341,"column":23}},"130":{"start":{"line":342,"column":23},"end":{"line":342,"column":25}},"131":{"start":{"line":344,"column":8},"end":{"line":346,"column":9}},"132":{"start":{"line":345,"column":12},"end":{"line":345,"column":61}},"133":{"start":{"line":347,"column":8},"end":{"line":360,"column":11}},"134":{"start":{"line":349,"column":31},"end":{"line":349,"column":33}},"135":{"start":{"line":350,"column":23},"end":{"line":356,"column":13}},"136":{"start":{"line":351,"column":16},"end":{"line":355,"column":17}},"137":{"start":{"line":352,"column":29},"end":{"line":352,"column":54}},"138":{"start":{"line":353,"column":31},"end":{"line":353,"column":55}},"139":{"start":{"line":354,"column":20},"end":{"line":354,"column":44}},"140":{"start":{"line":358,"column":12},"end":{"line":358,"column":24}},"141":{"start":{"line":359,"column":12},"end":{"line":359,"column":97}},"142":{"start":{"line":390,"column":0},"end":{"line":390,"column":24}}},"fnMap":{"0":{"name":"(anonymous_0)","decl":{"start":{"line":18,"column":53},"end":{"line":18,"column":54}},"loc":{"start":{"line":18,"column":67},"end":{"line":92,"column":1}},"line":18},"1":{"name":"(anonymous_1)","decl":{"start":{"line":83,"column":45},"end":{"line":83,"column":46}},"loc":{"start":{"line":83,"column":62},"end":{"line":91,"column":5}},"line":83},"2":{"name":"(anonymous_2)","decl":{"start":{"line":96,"column":25},"end":{"line":96,"column":26}},"loc":{"start":{"line":96,"column":39},"end":{"line":114,"column":1}},"line":96},"3":{"name":"(anonymous_3)","decl":{"start":{"line":107,"column":22},"end":{"line":107,"column":23}},"loc":{"start":{"line":107,"column":43},"end":{"line":113,"column":5}},"line":107},"4":{"name":"(anonymous_4)","decl":{"start":{"line":118,"column":22},"end":{"line":118,"column":23}},"loc":{"start":{"line":118,"column":36},"end":{"line":162,"column":1}},"line":118},"5":{"name":"(anonymous_5)","decl":{"start":{"line":130,"column":117},"end":{"line":130,"column":118}},"loc":{"start":{"line":130,"column":134},"end":{"line":161,"column":5}},"line":130},"6":{"name":"callback","decl":{"start":{"line":142,"column":25},"end":{"line":142,"column":33}},"loc":{"start":{"line":142,"column":53},"end":{"line":145,"column":17}},"line":142},"7":{"name":"(anonymous_7)","decl":{"start":{"line":150,"column":32},"end":{"line":150,"column":33}},"loc":{"start":{"line":150,"column":53},"end":{"line":158,"column":17}},"line":150},"8":{"name":"(anonymous_8)","decl":{"start":{"line":166,"column":24},"end":{"line":166,"column":25}},"loc":{"start":{"line":166,"column":38},"end":{"line":208,"column":1}},"line":166},"9":{"name":"(anonymous_9)","decl":{"start":{"line":178,"column":117},"end":{"line":178,"column":118}},"loc":{"start":{"line":178,"column":134},"end":{"line":207,"column":5}},"line":178},"10":{"name":"callback","decl":{"start":{"line":189,"column":25},"end":{"line":189,"column":33}},"loc":{"start":{"line":189,"column":53},"end":{"line":192,"column":17}},"line":189},"11":{"name":"(anonymous_11)","decl":{"start":{"line":196,"column":32},"end":{"line":196,"column":33}},"loc":{"start":{"line":196,"column":53},"end":{"line":204,"column":17}},"line":196},"12":{"name":"updateRedisSecondUnLike","decl":{"start":{"line":210,"column":9},"end":{"line":210,"column":32}},"loc":{"start":{"line":210,"column":37},"end":{"line":229,"column":1}},"line":210},"13":{"name":"(anonymous_13)","decl":{"start":{"line":211,"column":33},"end":{"line":211,"column":34}},"loc":{"start":{"line":211,"column":62},"end":{"line":217,"column":5}},"line":211},"14":{"name":"(anonymous_14)","decl":{"start":{"line":215,"column":49},"end":{"line":215,"column":50}},"loc":{"start":{"line":215,"col
[...]
61":{"start":{"line":132,"column":0},"end":{"line":151,"column":3}},"62":{"start":{"line":133,"column":4},"end":{"line":133,"column":35}},"63":{"start":{"line":134,"column":16},"end":{"line":134,"column":42}},"64":{"start":{"line":135,"column":24},"end":{"line":135,"column":46}},"65":{"start":{"line":138,"column":4},"end":{"line":150,"column":11}},"66":{"start":{"line":141,"column":22},"end":{"line":141,"column":23}},"67":{"start":{"line":142,"column":12},"end":{"line":144,"column":13}},"68":{"start":{"line":143,"column":16},"end":{"line":143,"column":63}},"69":{"start":{"line":145,"column":12},"end":{"line":149,"column":13}},"70":{"start":{"line":146,"column":16},"end":{"line":146,"column":67}},"71":{"start":{"line":148,"column":16},"end":{"line":148,"column":79}},"72":{"start":{"line":155,"column":0},"end":{"line":169,"column":3}},"73":{"start":{"line":157,"column":16},"end":{"line":157,"column":42}},"74":{"start":{"line":158,"column":24},"end":{"line":158,"column":46}},"75":{"start":{"line":160,"column":21},"end":{"line":160,"column":126}},"76":{"start":{"line":162,"column":4},"end":{"line":168,"column":7}},"77":{"start":{"line":163,"column":8},"end":{"line":167,"column":9}},"78":{"start":{"line":164,"column":12},"end":{"line":164,"column":41}},"79":{"start":{"line":166,"column":12},"end":{"line":166,"column":87}},"80":{"start":{"line":173,"column":0},"end":{"line":192,"column":3}},"81":{"start":{"line":174,"column":4},"end":{"line":174,"column":35}},"82":{"start":{"line":175,"column":16},"end":{"line":175,"column":42}},"83":{"start":{"line":176,"column":24},"end":{"line":176,"column":46}},"84":{"start":{"line":179,"column":4},"end":{"line":191,"column":11}},"85":{"start":{"line":182,"column":22},"end":{"line":182,"column":23}},"86":{"start":{"line":183,"column":12},"end":{"line":185,"column":13}},"87":{"start":{"line":184,"column":16},"end":{"line":184,"column":63}},"88":{"start":{"line":186,"column":12},"end":{"line":190,"column":13}},"89":{"start":{"line":187,"column":16},"end":{"line":187,"column":67}},"90":{"start":{"line":189,"column":16},"end":{"line":189,"column":79}},"91":{"start":{"line":196,"column":0},"end":{"line":274,"column":3}},"92":{"start":{"line":198,"column":16},"end":{"line":198,"column":42}},"93":{"start":{"line":199,"column":24},"end":{"line":199,"column":46}},"94":{"start":{"line":201,"column":21},"end":{"line":201,"column":36}},"95":{"start":{"line":202,"column":4},"end":{"line":202,"column":40}},"96":{"start":{"line":203,"column":4},"end":{"line":273,"column":11}},"97":{"start":{"line":206,"column":12},"end":{"line":206,"column":64}},"98":{"start":{"line":207,"column":25},"end":{"line":207,"column":26}},"99":{"start":{"line":208,"column":36},"end":{"line":208,"column":38}},"100":{"start":{"line":209,"column":40},"end":{"line":209,"column":42}},"101":{"start":{"line":210,"column":30},"end":{"line":210,"column":32}},"102":{"start":{"line":211,"column":32},"end":{"line":211,"column":34}},"103":{"start":{"line":212,"column":12},"end":{"line":219,"column":13}},"104":{"start":{"line":213,"column":16},"end":{"line":213,"column":83}},"105":{"start":{"line":214,"column":16},"end":{"line":214,"column":81}},"106":{"start":{"line":215,"column":16},"end":{"line":215,"column":33}},"107":{"start":{"line":216,"column":16},"end":{"line":216,"column":69}},"108":{"start":{"line":217,"column":26},"end":{"line":217,"column":127}},"109":{"start":{"line":218,"column":16},"end":{"line":218,"column":40}},"110":{"start":{"line":221,"column":26},"end":{"line":221,"column":109}},"111":{"start":{"line":223,"column":27},"end":{"line":223,"column":111}},"112":{"start":{"line":224,"column":12},"end":{"line":224,"column":58}},"113":{"start":{"line":225,"column":12},"end":{"line":225,"column":60}},"114":{"start":{"line":226,"column":12},"end":{"line":226,"column":75}},"115":{"start":{"line":227,"column":12},"end":{"line":227,"column":57}},"116":{"start":{"line":229,"column":12},"end":{"line":272,"column":15}},"117":{"start":{"line":232,"column":20},"end":{"line":232,"column":45}},"118":{"start":{"line":233,"column":30},"end":{"line":242,"column":21}},"119":{"start":{"line":234,"column":24},"end":{"line":241,"column":25}},"120":{"start":{"line":235,"column":42},"end":{"line":235,"column":62}},"121":{"start":{"line":236,"column":28},"end":{"line":236,"column":62}},"122":{"start":{"line":237,"column":40},"end":{"line":237,"column":63}},"123":{"start":{"line":238,"column":28},"end":{"line":240,"column":31}},"124":{"start":{"line":243,"column":20},"end":{"line":243,"column":32}},"125":{"start":{"line":244,"column":20},"end":{"line":244,"column":23}},"126":{"start":{"line":248,"column":20},"end":{"line":248,"column":45}},"127":{"start":{"line":249,"column":39},"end":{"line":249,"column":71}},"128":{"start":{"line":250,"column":20},"end":{"line":250,"column":59}},"129":{"start":{"line":251,"column":20},"end":{"line":251,"column":50}},"130":{"start":{"line":252,"column":20},"end":{"line":252,"column":45}},"131":{"start":{"line":253,"column":20},"end":{"line":253,"column":60}},"132":{"start":{"line":255,"column":20},"end":{"line":255,"column":42}},"133":{"start":{"line":259,"column":20},"end":{"line":259,"column":46}},"134":{"start":{"line":260,"column":20},"end":{"line":260,"column":80}},"135":{"start":{"line":263,"column":16},"end":{"line":271,"column":17}},"136":{"start":{"line":264,"column":20},"end":{"line":264,"column":46}},"137":{"start":{"line":265,"column":20},"end":{"line":265,"column":82}},"138":{"start":{"line":266,"column":20},"end":{"line":266,"column":27}},"139":{"start":{"line":269,"column":20},"end":{"line":269,"column":88}},"140":{"start":{"line":270,"column":20},"end":{"line":270,"column":27}},"141":{"start":{"line":276,"column":0},"end":{"line":276,"column":24}}},"fnMap":{"0":{"name":"(anonymous_0)","decl":{"start":{"line":12,"column":55},"end":{"line":12,"column":56}},"loc":{"start":{"line":12,"column":69},"end":{"line":18,"column":1}},"line":12},"1":{"name":"(anonymous_1)","decl":{"start":{"line":15,"column":14},"end":{"line":15,"column":15}},"loc":{"start":{"line":15,"column":39},"end":{"line":17,"column":9}},"line":15},"2":{"name":"(anonymous_2)","decl":{"start":{"line":22,"column":19},"end":{"line":22,"column":20}},"loc":{"start":{"line":22,"column":33},"end":{"line":30,"column":1}},"line":22},"3":{"name":"(anonymous_3)","decl":{"start":{"line":27,"column":14},"end":{"line":27,"column":15}},"loc":{"start":{"line":27,"column":38},"end":{"line":29,"column":9}},"line":27},"4":{"name":"(anonymous_4)","decl":{"start":{"line":34,"column":23},"end":{"line":34,"column":24}},"loc":{"start":{"line":34,"column":37},"end":{"line":40,"column":1}},"line":34},"5":{"name":"(anonymous_5)","decl":{"start":{"line":37,"column":109},"end":{"line":37,"column":110}},"loc":{"start":{"line":37,"column":128},"end":{"line":39,"column":5}},"line":37},"6":{"name":"(anonymous_6)","decl":{"start":{"line":44,"column":20},"end":{"line":44,"column":21}},"loc":{"start":{"line":44,"column":34},"end":{"line":66,"column":1}},"line":44},"7":{"name":"(anonymous_7)","decl":{"start":{"line":46,"column":66},"end":{"line":46,"column":67}},"loc":{"start":{"line":46,"column":82},"end":{"line":65,"column":5}},"line":46},"8":{"name":"(anonymous_8)","decl":{"start":{"line":50,"column":59},"end":{"line":50,"column":60}},"loc":{"start":{"line":50,"column":74},"end":{"line":63,"column":13}},"line":50},"9":{"name":"(anonymous_9)","decl":{"start":{"line":68,"column":22},"end":{"line":68,"column":23}},"loc":{"start":{"line":68,"column":36},"end":{"line":83,"column":1}},"line":68},"10":{"name":"(anonymous_10)","decl":{"start":{"line":73,"column":42},"end":{"line":73,"column":43}},"loc":{"start":{"line":73,"column":65},"end":{"line":81,"column":5}},"line":73},"11":{"name":"(anonymous_11)","decl":{"start":{"line":85,"column":29},"end":{"line":85,"column":30}},"loc":{"start":{"line":85,"column":43},"end":{"line":96,"column":1}},"line":85},"12":{"name":"(anonymous_12)","decl":{"start":{"line":89,"column":35},"end":{"line":89,"column":36}},"loc":{"start":{"line":89,"column":52},"end":{"line":95,"column":5}},"line":89},"13":{"name":"(anonymous_13)","decl":{"start":{"line":100,"column":21},"end":{"line":100,"column":22}},"loc":{"start":{"line":100,"column":35},"end":{"line":128,"column":1}},"line":100},"14":{"name":"(anonymous_14)","decl":{"start":{"line":109,"column":21},"end":{"line":109,"column":22}},"loc":{"start":{"line":109,"column":42},"end":{"line":127,"column":5}},"line":109},"15":{"name":"(anonymous_15)","decl":{"start":{"line":132,"column":24},"end":{"line":132,"column":25}},"loc":{"start":{"line":132,"column":38},"end":{"line":151,"column":1}},"line":132},"16":{"name":"(anonymous_16)","decl":{"start":{"line":140,"column":14},"end":{"line":140,"column":15}},"loc":{"start":{"line":140,"column":35},"end":{"line":150,"column":9}},"line":140},"17":{"name":"(anonymous_17)","decl":{"start":{"line":155,"column":28},"end":{"line":155,"column":29}},"loc":{"start":{"line":155,"column":42},"end":{"line":169,"column":1}},"line":155},"18":{"name":"(anonymous_18)","decl":{"start":{"line":162,"column":61},"end":{"line":162,"column":62}},"loc":{"start":{"line":162,"column":78},"end":{"line":168,"column":5}},"line":162},"19":{"name":"(anonymous_19)","decl":{"start":{"line":173,"column":24},"end":{"line":173,"column":25}},"loc":{"start":{"line":173,"column":38},"end":{"line":192,"column":1}},"line":173},"20":{"name":"(anonymous_20)","decl":{"start":{"line":181,"column":14},"end":{"line":181,"column":15}},"loc":{"start":{"line":181,"column":35},"end":{"line":191,"column":9}},"line":181},"21":{"name":"(anonymous_21)","decl":{"start":{"line":196,"column":22},"end":{"line":196,"column":23}},"loc":{"start":{"line":196,"column":36},"end":{"line":274,"column":1}},"line":196},"22":{"name":"(anonymous_22)","decl":{"start":{"line":205,"column":14},"end":{"line":205,"column":15}},"loc":{"start":{"line":205,"column":41},"end":{"line":273,"column":9}},"line":205},"23":{"name":"(anonymous_23)","decl":{"start":{"line":230,"column":28},"end":{"line":230,"column":29}},"loc":{"start":{"line":231,"column":16},"end":{"line":245,"column":17}},"line":231},"24":{"name":"(anonymous_24)","decl":{"start":{"line":233,"column":30},"end":{"line":233,"column":31}},"loc":{"start":{"line":233,"column":40},"end":{"line":242,"column":21}},"line":233},"25":{"name":"(anonymous_25)","decl":{"start":{"line":246,"column":28},"end":{"line":246,"column":29}},"loc":{"start":{"line":247,"column":16},"end":{"line":256,"column":17}},"line":247},"26":{"name":"(anonymous_26)","decl":{"start":{"line":257,"column":29},"end":{"line":257,"column":30}},"loc":{"start":{"line":258,"column":16},"end":{"line":261,"column":17}},"line":258},"27":{"name":"(anonymous_27)","decl":{"start":{"line":262,"column":16},"end":{"line":262,"column":17}},"loc":{"start":{"line":262,"column":40},"end":{"line":272,"column":13}},"line":262}},"branchMap":{"0":{"loc":{"start":{"line":47,"column":8},"end":{"line":64,"column":9}},"type":"if","locations":[{"start":{"line":47,"column":8},"end":{"line":64,"column":9}},{"start":{"line":47,"column":8},"end":{"line":64,"column":9}}],"line":47},"1":{"loc":{"start":{"line":51,"column":16},"end":{"line":62,"column":17}},"type":"if","locations":[{"start":{"line":51,"column":16},"end":{"line":62,"column":17}},{"start":{"line":51,"column":16},"end":{"line":62,"column":17}}],"line":51},"2":{"loc":{"start":{"line":53,"column":20},"end":{"line":59,"column":21}},"type":"if","locations":[{"start":{"line":53,"column":20},"end":{"line":59,"column":21}},{"start":{"line":53,"column":20},"end":{"line":59,"column":21}}],"line":53},"3":{"loc":{"start":{"line":57,"column":27},"end":{"line":59,"column":21}},"type":"if","locations":[{"start":{"line":57,"column":27},"end":{"line":59,"column":21}},{"start":{"line":57,"column":27},"end":{"line":59,"column":21}}],"line":57},"4":{"loc":{"start":{"line":75,"column":8},"end":{"line":79,"column":9}},"type":"if","locations":[{"start":{"line":75,"column":8},"end":{"line":79,"column":9}},{"start":{"line":75,"column":8},"end":{"line":79,"column":9}}],"line":75},"5":{"loc":{"start":{"line":90,"column":8},"end":{"line":94,"column":9}},"type":"if","locations":[{"start":{"line":90,"column":8},"end":{"line":94,"column":9}},{"start":{"line":90,"column":8},"end":{"line":94,"column":9}}],"line":90},"6":{"loc":{"start":{"line":110,"column":8},"end":{"line":126,"column":9}},"type":"if","locations":[{"start":{"line":110,"column":8},"end":{"line":126,"column":9}},{"start":{"line":110,"column":8},"end":{"line":126,"column":9}}],"line":110},"7":{"loc":{"start":{"line":112,"column":12},"end":{"line":122,"column":13}},"type":"if","locations":[{"start":{"line":112,"column":12},"end":{"line":122,"column":13}},{"start":{"line":112,"column":12},"end":{"line":122,"column":13}}],"line":112},"8":{"loc":{"start":{"line":113,"column":16},"end":{"line":118,"column":17}},"type":"if","locations":[{"start":{"line":113,"column":16},"end":{"line":118,"column":17}},{"start":{"line":113,"column":16},"end":{"line":118,"column":17}}],"line":113},"9":{"loc":{"start":{"line":145,"column":12},"end":{"line":149,"column":13}},"type":"if","locations":[{"start":{"line":145,"column":12},"end":{"line":149,"column":13}},{"start":{"line":145,"column":12},"end":{"line":149,"column":13}}],"line":145},"10":{"loc":{"start":{"line":163,"column":8},"end":{"line":167,"column":9}},"type":"if","locations":[{"start":{"line":163,"column":8},"end":{"line":167,"column":9}},{"start":{"line":163,"column":8},"end":{"line":167,"column":9}}],"line":163},"11":{"loc":{"start":{"line":186,"column":12},"end":{"line":190,"column":13}},"type":"if","locations":[{"start":{"line":186,"column":12},"end":{"line":190,"column":13}},{"start":{"line":186,"column":12},"end":{"line":190,"column":13}}],"line":186},"12":{"loc":{"start":{"line":263,"column":16},"end":{"line":271,"column":17}},"type":"if","locations":[{"start":{"line":263,"column":16},"end":{"line":271,"column":17}},{"start":{"line":263,"column":16},"end":{"line":271,"column":17}}],"line":263}},"s":{"0":1,"1":1,"2":1,"3":1,"4":1,"5":1,"6":1,"7":1,"8":1,"9":0,"10":0,"11":1,"12":0,"13":0,"14":0,"15":1,"16":0,"17":0,"18":0,"19":1,"20":0,"21":0,"22":0,"23":0,"24":0,"25":0,"26":0,"27":0,"28":0,"29":0,"30":0,"31":0,"32":0,"33":1,"34":0,"35":0,"36":0,"37":0,"38":0,"39":0,"40":1,"41":0,"42":0,"43":0,"44":0,"45":0,"46":1,"47":0,"48":0,"49":0,"50":0,"51":0,"52":0,"53":0,"54":0,"55":0,"56":0,"57":0,"58":0,"59":0,"60":0,"61":1,"62":0,"63":0,"64":0,"65":0,"66":0,"67":0,"68":0,"69":0,"70":0,"71":0,"72":1,"73":0,"74":0,"75":0,"76":0,"77":0,"78":0,"79":0,"80":1,"81":0,"82":0,"83":0,"84":0,"85":0,"86":0,"87":0,"88":0,"89":0,"90":0,"91":1,"92":0,"93":0,"94":0,"95":0,"96":0,"97":0,"98":0,"99":0,"100":0,"101":0,"102":0,"103":0,"104":0,"105":0,"106":0,"107":0,"108":0,"109":0,"110":0,"111":0,"112":0,"113":0,"114":0,"115":0,"116":0,"117":0,"118":0,"119":0,"120":0,"121":0,"122":0,"123":0,"124":0,"125":0,"126":0,"127":0,"128":0,"129":0,"130":0,"131":0,"132":0,"133":0,"134":0,"135":0,"136":0,"137":0,"138":0,"139":0,"140":0,"141":1},"f":{"0":0,"1":0,"2":0,"3":0,"4":0,"5":0,"6":0,"7":0,"8":0,"9":0,"10":0,"11":0,"12":0,"13":0,"14":0,"15":0,"16":0,"17":0,"18":0,"19":0,"20":0,"21":0,"22":0,"23":0,"24":0,"25":0,"26":0,"27":0},"b":{"0":[0,0],"1":[0,0],"2":[0,0],"3":[0,0],"4":[0,0],"5":[0,0],"6":[0,0],"7":[0,0],"8":[0,0],"9":[0,0],"10":[0,0],"11":[0,0],"12":[0,0]},"_coverageSchema":"d34fc3e6b8297bcde183f5492bcb8fcb36775295","hash":"390e51c7e20c53e3cb5801b594cdaed99c978272","contentHash":"2ab9d7f62fb1c75e8f54bc90cb3607de_12.0.2"},"D:\\Kalinga\\Final project\\MIB\\DataModel\\ProductCategoriesSchema.js":{"path":"D:\\Kalinga\\Final project\\MIB\\DataModel\\ProductCategoriesSchema.js","statementMap":{"0":{"start":{"line":1,"column":15},"end":{"line":1,"column":34}},"1":{"start":{"line":2,"column":13},"end":{"line":2,"column":28}},"2":{"start":{"line":4,"column":23},"end":{"line":6,"column":2}},"3":{"start":{"line":8,"column":27},"end":{"line":38,"column":2}},"4":{"start":{"line":40,"column":21},"end":{"line":40,"column":69}},"5":{"start":{"line":41,"column":17},"end":{"line":41,"column":63}},"6":{"start":{"line":43,"column":0},"end":{"line":46,"column":2}}},"fnMap":{},"branchMap":{},"s":{"0":1,"1":1,"2":1,"3":1,"4":1,"5":1,"6":1},"f":{},"b":{},"_coverageSchema":"d34fc3e6b8297bcde183f5492bcb8fcb36775295","hash":"6c5ef3902fa1d613413cc57a89331dc1b32070bb","contentHash":"68e36dbb5b214fc09c27d35de379fd8c_12.0.2"},"D:\\Kalinga\\Final project\\MIB\\DataModel\\UserCartDetailsSchema.js":{"path":"D:\\Kalinga\\Final project\\MIB\\DataModel\\UserCartDetailsSchema.js","statementMap":{"0":{"start":{"line":1,"column":15},"end":{"line":1,"column":34}},"1":{"start":{"line":2,"column":13},"end":{"line":2,"column":28}},"2":{"start":{"line":4,"column":17},"end":{"line":20,"column":2}},"3":{"start":{"line":22,"column":25},"end":{"line":44,"column":2}},"4":{"start":{"line":46,"column":18},"end":{"line":46,"column":59}},"5":{"start":{"line":47,"column":19},"end":{"line":47,"column":69}},"6":{"start":{"line":49,"column":0},"end":{"line":52,"column":2}}},"fnMap":{},"branchMap":{},"s":{"0":1,"1":1,"2":1,"3":1,"4":1,"5":1,"6":1},"f":{},"b":{},"_coverageSchema":"d34fc3e6b8297bcde183f5492bcb8fcb36775295","hash":"0159c74386ed8cdfb2593c8a7d970404e9f5a367","contentHash":"3a7ef6f7a203ea3278e0fe02c9462cbe_12.0.2"},"D:\\Kalinga\\Final project\\MIB\\routes\\shop\\categories\\category.js":{"path":"D:\\Kalinga\\Final project\\MIB\\routes\\shop\\categories\\category.js","statementMap":{"0":{"start":{"line":1,"column":15},"end":{"line":1,"column":42}},"1":{"start":{"line":2,"column":16},"end":{"line":2,"column":40}},"2":{"start":{"line":3,"column":15},"end":{"line":3,"column":61}},"3":{"start":{"line":4,"column":25},"end":{"line":4,"column":78}},"4":{"start":{"line":5,"column":12},"end":{"line":5,"column":44}},"5":{"start":{"line":9,"column":0},"end":{"line":19,"column":2}},"6":{"start":{"line":10,"column":4},"end":{"line":10,"column":40}},"7":{"start":{"line":12,"column":21},"end":{"line":12,"column":53}},"8":{"start":{"line":13,"column":4},"end":{"line":13,"column":53}},"9":{"start":{"line":15,"column":4},"end":{"line":18,"column":6}},"10":{"start":{"line":16,"column":8},"end":{"line":16,"column":27}},"11":{"start":{"line":16,"column":17},"end":{"line":16,"column":27}},"12":{"start":{"line":17,"column":8},"end":{"line":17,"column":59}},"13":{"start":{"line":23,"column":0},"end":{"line":28,"column":2}},"14":{"start":{"line":25,"column":4},"end":{"line":27,"column":6}},"15":{"start":{"line":26,"column":8},"end":{"line":26,"column":50}},"16":{"start":{"line":31,"column":0},"end":{"line":31,"column":24}}},"fnMap":{"0":{"name":"(anonymous_0)","decl":{"start":{"line":9,"column":20},"end":{"line":9,"column":21}},"loc":{"start":{"line":9,"column":40},"end":{"line":19,"column":1}},"line":9},"1":{"name":"(anonymous_1)","decl":{"start":{"line":15,"column":20},"end":{"line":15,"column":21}},"loc":{"start":{"line":15,"column":41},"end":{"line":18,"column":5}},"line":15},"2":{"name":"(anonymous_2)","decl":{"start":{"line":23,"column":16},"end":{"line":23,"column":17}},"loc":{"start":{"line":23,"column":36},"end":{"line":28,"column":1}},"line":23},"3":{"name":"(anonymous_3)","decl":{"start":{"line":25,"column":47},"end":{"line":25,"column":48}},"loc":{"start":{"line":25,"column":55},"end":{"line":27,"column":5}},"line":25}},"branchMap":{"0":{"loc":{"start":{"line":16,"column":8},"end":{"line":16,"column":27}},"type":"if","locations":[{"start":{"line":16,"column":8},"end":{"line":16,"column":27}},{"start":{"line":16,"column":8},"end":{"line":16,"column":27}}],"line":16}},"s":{"0":1,"1":1,"2":1,"3":1,"4":1,"5":1,"6":0,"7":0,"8":0,"9":0,"10":0,"11":0,"12":0,"13":1,"14":0,"15":0,"16":1},"f":{"0":0,"1":0,"2":0,"3":0},"b":{"0":[0,0]},"_coverageSchema":"d34fc3e6b8297bcde183f5492bcb8fcb36775295","hash":"4f75437393db86e7faa1759d8c5e804fd368407b","contentHash":"1e9ad60854da5589d3f337e84c7a8541_12.0.2"}}