{"D:\\Kalinga\\Final project\\MIB\\app.js":{"path":"D:\\Kalinga\\Final project\\MIB\\app.js","s":{"1":1,"2":1,"3":1,"4":1,"5":1,"6":1,"7":1,"8":1,"9":1,"10":1,"11":1,"12":1,"13":1,"14":1,"15":1,"16":1,"17":1,"18":1,"19":1,"20":1,"21":1,"22":1,"23":1,"24":1,"25":1,"26":1,"27":1,"28":1,"29":0,"30":1,"31":1,"32":1,"33":1,"34":0,"35":0,"36":0,"37":0,"38":0,"39":1,"40":1,"41":1,"42":1,"43":1,"44":1,"45":1,"46":1,"47":1,"48":0,"49":0,"50":0,"51":0,"52":0,"53":1},"b":{"1":[1,0],"2":[0,0],"3":[0,0],"4":[0,0],"5":[1,1],"6":[1,1]},"f":{"1":0,"2":0,"3":0,"4":0,"5":0},"fnMap":{"1":{"name":"(anonymous_1)","line":34,"loc":{"start":{"line":34,"column":8},"end":{"line":34,"column":34}}},"2":{"name":"(anonymous_2)","line":44,"loc":{"start":{"line":44,"column":8},"end":{"line":44,"column":39}}},"3":{"name":"(anonymous_3)","line":69,"loc":{"start":{"line":69,"column":20},"end":{"line":69,"column":38}}},"4":{"name":"(anonymous_4)","line":72,"loc":{"start":{"line":72,"column":19},"end":{"line":72,"column":35}}},"5":{"name":"(anonymous_5)","line":77,"loc":{"start":{"line":77,"column":19},"end":{"line":77,"column":35}}}},"statementMap":{"1":{"start":{"line":1,"column":0},"end":{"line":1,"column":41}},"2":{"start":{"line":2,"column":0},"end":{"line":2,"column":33}},"3":{"start":{"line":3,"column":0},"end":{"line":3,"column":27}},"4":{"start":{"line":4,"column":0},"end":{"line":4,"column":37}},"5":{"start":{"line":5,"column":0},"end":{"line":5,"column":40}},"6":{"start":{"line":6,"column":0},"end":{"line":6,"column":44}},"7":{"start":{"line":7,"column":0},"end":{"line":7,"column":31}},"8":{"start":{"line":8,"column":0},"end":{"line":8,"column":49}},"9":{"start":{"line":9,"column":0},"end":{"line":9,"column":31}},"10":{"start":{"line":10,"column":0},"end":{"line":10,"column":39}},"11":{"start":{"line":11,"column":0},"end":{"line":11,"column":29}},"12":{"start":{"line":12,"column":0},"end":{"line":12,"column":50}},"13":{"start":{"line":13,"column":0},"end":{"line":13,"column":40}},"14":{"start":{"line":14,"column":0},"end":{"line":14,"column":54}},"15":{"start":{"line":15,"column":0},"end":{"line":15,"column":34}},"16":{"start":{"line":17,"column":0},"end":{"line":17,"column":20}},"17":{"start":{"line":20,"column":0},"end":{"line":20,"column":48}},"18":{"start":{"line":21,"column":0},"end":{"line":21,"column":30}},"19":{"start":{"line":22,"column":0},"end":{"line":22,"column":27}},"20":{"start":{"line":23,"column":0},"end":{"line":23,"column":52}},"21":{"start":{"line":24,"column":0},"end":{"line":24,"column":16}},"22":{"start":{"line":25,"column":0},"end":{"line":25,"column":24}},"23":{"start":{"line":26,"column":0},"end":{"line":26,"column":31}},"24":{"start":{"line":28,"column":0},"end":{"line":28,"column":24}},"25":{"start":{"line":29,"column":0},"end":{"line":29,"column":56}},"26":{"start":{"line":30,"column":0},"end":{"line":30,"column":56}},"27":{"start":{"line":31,"column":0},"end":{"line":31,"column":21}},"28":{"start":{"line":34,"column":0},"end":{"line":36,"column":3}},"29":{"start":{"line":35,"column":1},"end":{"line":35,"column":24}},"30":{"start":{"line":38,"column":0},"end":{"line":38,"column":68}},"31":{"start":{"line":40,"column":0},"end":{"line":42,"column":1}},"32":{"start":{"line":41,"column":1},"end":{"line":41,"column":57}},"33":{"start":{"line":44,"column":0},"end":{"line":54,"column":3}},"34":{"start":{"line":46,"column":1},"end":{"line":46,"column":34}},"35":{"start":{"line":47,"column":1},"end":{"line":47,"column":68}},"36":{"start":{"line":49,"column":1},"end":{"line":49,"column":105}},"37":{"start":{"line":52,"column":1},"end":{"line":52,"column":31}},"38":{"start":{"line":53,"column":1},"end":{"line":53,"column":21}},"39":{"start":{"line":56,"column":0},"end":{"line":56,"column":61}},"40":{"start":{"line":57,"column":0},"end":{"line":57,"column":22}},"41":{"start":{"line":59,"column":0},"end":{"line":59,"column":38}},"42":{"start":{"line":60,"column":0},"end":{"line":60,"column":35}},"43":{"start":{"line":62,"column":0},"end":{"line":62,"column":31}},"44":{"start":{"line":64,"column":0},"end":{"line":64,"column":43}},"45":{"start":{"line":65,"column":0},"end":{"line":65,"column":7}},"46":{"start":{"line":67,"column":0},"end":{"line":67,"column":24}},"47":{"start":{"line":69,"column":0},"end":{"line":80,"column":3}},"48":{"start":{"line":70,"column":1},"end":{"line":70,"column":44}},"49":{"start":{"line":72,"column":1},"end":{"line":75,"column":4}},"50":{"start":{"line":74,"column":2},"end":{"line":74,"column":31}},"51":{"start":{"line":77,"column":1},"end":{"line":79,"column":4}},"52":{"start":{"line":78,"column":2},"end":{"line":78,"column":25}},"53":{"start":{"line":82,"column":0},"end":{"line":85,"column":2}}},"branchMap":{"1":{"line":40,"type":"if","locations":[{"start":{"line":40,"column":0},"end":{"line":40,"column":0}},{"start":{"line":40,"column":0},"end":{"line":40,"column":0}}]},"2":{"line":47,"type":"cond-expr","locations":[{"start":{"line":47,"column":59},"end":{"line":47,"column":62}},{"start":{"line":47,"column":65},"end":{"line":47,"column":67}}]},"3":{"line":49,"type":"binary-expr","locations":[{"start":{"line":49,"column":18},"end":{"line":49,"column":28}},{"start":{"line":49,"column":32},"end":{"line":49,"column":35}}]},"4":{"line":52,"type":"binary-expr","locations":[{"start":{"line":52,"column":12},"end":{"line":52,"column":22}},{"start":{"line":52,"column":26},"end":{"line":52,"column":29}}]},"5":{"line":59,"type":"binary-expr","locations":[{"start":{"line":59,"column":11},"end":{"line":59,"column":23}},{"start":{"line":59,"column":27},"end":{"line":59,"column":38}}]},"6":{"line":60,"type":"binary-expr","locations":[{"start":{"line":60,"column":13},"end":{"line":60,"column":27}},{"start":{"line":60,"column":31},"end":{"line":60,"column":35}}]}}},"D:\\Kalinga\\Final project\\MIB\\config\\winston.config.js":{"path":"D:\\Kalinga\\Final project\\MIB\\config\\winston.config.js","s":{"1":1,"2":1,"3":1,"4":1,"5":1,"6":4,"7":1},"b":{},"f":{"1":4},"fnMap":{"1":{"name":"(anonymous_1)","line":46,"loc":{"start":{"line":46,"column":8},"end":{"line":46,"column":37}}}},"statementMap":{"1":{"start":{"line":1,"column":0},"end":{"line":1,"column":39}},"2":{"start":{"line":2,"column":0},"end":{"line":2,"column":33}},"3":{"start":{"line":4,"column":0},"end":{"line":30,"column":2}},"4":{"start":{"line":33,"column":0},"end":{"line":41,"column":3}},"5":{"start":{"line":45,"column":0},"end":{"line":50,"column":2}},"6":{"start":{"line":48,"column":2},"end":{"line":48,"column":23}},"7":{"start":{"line":52,"column":0},"end":{"line":52,"column":24}}},"branchMap":{}},"D:\\Kalinga\\Final project\\MIB\\db\\dbConnection.js":{"path":"D:\\Kalinga\\Final project\\MIB\\db\\dbConnection.js","s":{"1":1,"2":1,"3":1,"4":1,"5":1,"6":1,"7":1,"8":1,"9":1},"b":{},"f":{},"fnMap":{},"statementMap":{"1":{"start":{"line":1,"column":0},"end":{"line":1,"column":39}},"2":{"start":{"line":2,"column":0},"end":{"line":2,"column":34}},"3":{"start":{"line":3,"column":0},"end":{"line":3,"column":52}},"4":{"start":{"line":4,"column":0},"end":{"line":4,"column":31}},"5":{"start":{"line":7,"column":0},"end":{"line":10,"column":2}},"6":{"start":{"line":14,"column":0},"end":{"line":14,"column":43}},"7":{"start":{"line":15,"column":0},"end":{"line":15,"column":36}},"8":{"start":{"line":16,"column":0},"end":{"line":16,"column":40}},"9":{"start":{"line":18,"column":0},"end":{"line":18,"column":40}}},"branchMap":{}},"D:\\Kalinga\\Final project\\MIB\\config\\dbConfig.js":{"path":"D:\\Kalinga\\Final project\\MIB\\config\\dbConfig.js","s":{"1":1},"b":{},"f":{},"fnMap":{},"statementMap":{"1":{"start":{"line":2,"column":0},"end":{"line":4,"column":2}}},"branchMap":{}},"D:\\Kalinga\\Final project\\MIB\\routes\\routes.js":{"path":"D:\\Kalinga\\Final project\\MIB\\routes\\routes.js","s":{"1":1,"2":1,"3":1,"4":1,"5":1,"6":1,"7":1,"8":1,"9":1,"10":1,"11":1,"12":1,"13":1,"14":1,"15":1,"16":1,"17":1,"18":1,"19":1,"20":0,"21":1},"b":{},"f":{},"fnMap":{},"statementMap":{"1":{"start":{"line":1,"column":0},"end":{"line":1,"column":33}},"2":{"start":{"line":2,"column":0},"end":{"line":2,"column":30}},"3":{"start":{"line":4,"column":0},"end":{"line":4,"column":45}},"4":{"start":{"line":5,"column":0},"end":{"line":5,"column":63}},"5":{"start":{"line":6,"column":0},"end":{"line":6,"column":40}},"6":{"start":{"line":7,"column":0},"end":{"line":7,"column":64}},"7":{"start":{"line":8,"column":0},"end":{"line":8,"column":62}},"8":{"start":{"line":9,"column":0},"end":{"line":9,"column":44}},"9":{"start":{"line":10,"column":0},"end":{"line":10,"column":40}},"10":{"start":{"line":11,"column":0},"end":{"line":11,"column":49}},"11":{"start":{"line":12,"column":0},"end":{"line":12,"column":53}},"12":{"start":{"line":14,"column":0},"end":{"line":14,"column":26}},"13":{"start":{"line":15,"column":0},"end":{"line":15,"column":32}},"14":{"start":{"line":16,"column":0},"end":{"line":16,"column":29}},"15":{"start":{"line":17,"column":0},"end":{"line":17,"column":28}},"16":{"start":{"line":18,"column":0},"end":{"line":18,"column":24}},"17":{"start":{"line":19,"column":0},"end":{"line":19,"column":30}},"18":{"start":{"line":20,"column":0},"end":{"line":20,"column":32}},"19":{"start":{"line":22,"column":0},"end":{"line":24,"column":3}},"20":{"start":{"line":23,"column":4},"end":{"line":23,"column":60}},"21":{"start":{"line":27,"column":0},"end":{"line":27,"column":24}}},"branchMap":{}},"D:\\Kalinga\\Final project\\MIB\\routes\\users\\subUserRouting.js":{"path":"D:\\Kalinga\\Final project\\MIB\\routes\\users\\subUserRouting.js","s":{"1":1,"2":1,"3":1,"4":1,"5":1,"6":1},"b":{},"f":{},"fnMap":{},"statementMap":{"1":{"start":{"line":1,"column":0},"end":{"line":1,"column":45}},"2":{"start":{"line":2,"column":0},"end":{"line":2,"column":44}},"3":{"start":{"line":3,"column":0},"end":{"line":3,"column":41}},"4":{"start":{"line":5,"column":0},"end":{"line":5,"column":34}},"5":{"start":{"line":6,"column":0},"end":{"line":6,"column":32}},"6":{"start":{"line":9,"column":0},"end":{"line":9,"column":26}}},"branchMap":{}},"D:\\Kalinga\\Final project\\MIB\\routes\\users\\admin\\admin.js":{"path":"D:\\Kalinga\\Final project\\MIB\\routes\\users\\admin\\admin.js","s":{"1":1,"2":1,"3":0,"4":1,"5":0,"6":1},"b":{},"f":{},"fnMap":{},"statementMap":{"1":{"start":{"line":1,"column":0},"end":{"line":1,"column":42}},"2":{"start":{"line":4,"column":0},"end":{"line":6,"column":3}},"3":{"start":{"line":5,"column":4},"end":{"line":5,"column":70}},"4":{"start":{"line":8,"column":0},"end":{"line":10,"column":3}},"5":{"start":{"line":9,"column":4},"end":{"line":9,"column":71}},"6":{"start":{"line":16,"column":0},"end":{"line":16,"column":23}}},"branchMap":{}},"D:\\Kalinga\\Final project\\MIB\\routes\\users\\user\\users.js":{"path":"D:\\Kalinga\\Final project\\MIB\\routes\\users\\user\\users.js","s":{"1":1,"2":1,"3":1,"4":1,"5":1,"6":1,"7":1,"8":1,"9":1,"10":1,"11":0,"12":0,"13":0,"14":0,"15":0,"16":0,"17":0,"18":0,"19":0,"20":1,"21":0,"22":0,"23":0,"24":0,"25":0,"26":0,"27":0,"28":0,"29":0,"30":0,"31":0,"32":0,"33":1,"34":0,"35":0,"36":0,"37":0,"38":0,"39":0,"40":0,"41":0,"42":1},"b":{"1":[0,0],"2":[0,0],"3":[0,0],"4":[0,0],"5":[0,0]},"f":{},"fnMap":{},"statementMap":{"1":{"start":{"line":1,"column":0},"end":{"line":1,"column":46}},"2":{"start":{"line":2,"column":0},"end":{"line":2,"column":41}},"3":{"start":{"line":3,"column":0},"end":{"line":3,"column":37}},"4":{"start":{"line":4,"column":0},"end":{"line":4,"column":62}},"5":{"start":{"line":5,"column":0},"end":{"line":5,"column":55}},"6":{"start":{"line":6,"column":0},"end":{"line":6,"column":53}},"7":{"start":{"line":7,"column":0},"end":{"line":7,"column":76}},"8":{"start":{"line":8,"column":0},"end":{"line":8,"column":50}},"9":{"start":{"line":12,"column":0},"end":{"line":14,"column":4}},"10":{"start":{"line":17,"column":0},"end":{"line":33,"column":3}},"11":{"start":{"line":18,"column":4},"end":{"line":18,"column":44}},"12":{"start":{"line":19,"column":4},"end":{"line":19,"column":36}},"13":{"start":{"line":21,"column":4},"end":{"line":21,"column":47}},"14":{"start":{"line":23,"column":4},"end":{"line":32,"column":7}},"15":{"start":{"line":24,"column":8},"end":{"line":31,"column":9}},"16":{"start":{"line":25,"column":10},"end":{"line":25,"column":72}},"17":{"start":{"line":27,"column":12},"end":{"line":30,"column":13}},"18":{"start":{"line":28,"column":16},"end":{"line":28,"column":167}},"19":{"start":{"line":29,"column":16},"end":{"line":29,"column":68}},"20":{"start":{"line":37,"column":0},"end":{"line":54,"column":2}},"21":{"start":{"line":38,"column":4},"end":{"line":38,"column":43}},"22":{"start":{"line":39,"column":4},"end":{"line":39,"column":47}},"23":{"start":{"line":41,"column":4},"end":{"line":41,"column":29}},"24":{"start":{"line":42,"column":4},"end":{"line":53,"column":7}},"25":{"start":{"line":43,"column":8},"end":{"line":50,"column":9}},"26":{"start":{"line":44,"column":10},"end":{"line":44,"column":72}},"27":{"start":{"line":44,"column":73},"end":{"line":44,"column":80}},"28":{"start":{"line":46,"column":12},"end":{"line":49,"column":13}},"29":{"start":{"line":47,"column":16},"end":{"line":47,"column":59}},"30":{"start":{"line":48,"column":16},"end":{"line":48,"column":23}},"31":{"start":{"line":51,"column":8},"end":{"line":51,"column":70}},"32":{"start":{"line":52,"column":8},"end":{"line":52,"column":15}},"33":{"start":{"line":58,"column":0},"end":{"line":87,"column":2}},"34":{"start":{"line":59,"column":4},"end":{"line":59,"column":43}},"35":{"start":{"line":60,"column":4},"end":{"line":60,"column":47}},"36":{"start":{"line":62,"column":4},"end":{"line":86,"column":6}},"37":{"start":{"line":77,"column":8},"end":{"line":85,"column":9}},"38":{"start":{"line":79,"column":12},"end":{"line":79,"column":69}},"39":{"start":{"line":80,"column":12},"end":{"line":80,"column":19}},"40":{"start":{"line":83,"column":12},"end":{"line":83,"column":81}},"41":{"start":{"line":84,"column":12},"end":{"line":84,"column":19}},"42":{"start":{"line":89,"column":0},"end":{"line":89,"column":27}}},"branchMap":{"1":{"line":24,"type":"if","locations":[{"start":{"line":24,"column":8},"end":{"line":24,"column":8}},{"start":{"line":24,"column":8},"end":{"line":24,"column":8}}]},"2":{"line":27,"type":"if","locations":[{"start":{"line":27,"column":12},"end":{"line":27,"column":12}},{"start":{"line":27,"column":12},"end":{"line":27,"column":12}}]},"3":{"line":43,"type":"if","locations":[{"start":{"line":43,"column":8},"end":{"line":43,"column":8}},{"start":{"line":43,"column":8},"end":{"line":43,"column":8}}]},"4":{"line":46,"type":"if","locations":[{"start":{"line":46,"column":12},"end":{"line":46,"column":12}},{"start":{"line":46,"column":12},"end":{"line":46,"column":12}}]},"5":{"line":77,"type":"if","locations":[{"start":{"line":77,"column":8},"end":{"line":77,"column":8}},{"start":{"line":77,"column":8},"end":{"line":77,"column":8}}]}}},"D:\\Kalinga\\Final project\\MIB\\config\\passport.js":{"path":"D:\\Kalinga\\Final project\\MIB\\config\\passport.js","s":{"1":1,"2":1,"3":1,"4":1,"5":1,"6":1,"7":1,"8":0,"9":1,"10":0,"11":0,"12":1,"13":0,"14":0,"15":0,"16":0,"17":0,"18":0,"19":0,"20":0,"21":0,"22":0,"23":0,"24":0,"25":0,"26":0,"27":0,"28":0,"29":0,"30":0,"31":0,"32":0,"33":0},"b":{"1":[0,0],"2":[0,0],"3":[0,0]},"f":{"1":0},"fnMap":{"1":{"name":"(anonymous_1)","line":25,"loc":{"start":{"line":25,"column":74},"end":{"line":25,"column":95}}}},"statementMap":{"1":{"start":{"line":1,"column":0},"end":{"line":1,"column":38}},"2":{"start":{"line":2,"column":0},"end":{"line":2,"column":54}},"3":{"start":{"line":3,"column":0},"end":{"line":3,"column":40}},"4":{"start":{"line":4,"column":0},"end":{"line":4,"column":74}},"5":{"start":{"line":5,"column":0},"end":{"line":5,"column":31}},"6":{"start":{"line":6,"column":0},"end":{"line":6,"column":62}},"7":{"start":{"line":8,"column":0},"end":{"line":10,"column":2}},"8":{"start":{"line":9,"column":4},"end":{"line":9,"column":23}},"9":{"start":{"line":12,"column":0},"end":{"line":16,"column":2}},"10":{"start":{"line":13,"column":4},"end":{"line":15,"column":6}},"11":{"start":{"line":14,"column":8},"end":{"line":14,"column":24}},"12":{"start":{"line":18,"column":0},"end":{"line":56,"column":3}},"13":{"start":{"line":23,"column":4},"end":{"line":23,"column":45}},"14":{"start":{"line":25,"column":4},"end":{"line":55,"column":6}},"15":{"start":{"line":26,"column":8},"end":{"line":26,"column":29}},"16":{"start":{"line":27,"column":8},"end":{"line":54,"column":9}},"17":{"start":{"line":28,"column":12},"end":{"line":28,"column":48}},"18":{"start":{"line":29,"column":12},"end":{"line":29,"column":57}},"19":{"start":{"line":31,"column":12},"end":{"line":31,"column":221}},"20":{"start":{"line":32,"column":12},"end":{"line":32,"column":81}},"21":{"start":{"line":33,"column":12},"end":{"line":53,"column":14}},"22":{"start":{"line":34,"column":16},"end":{"line":52,"column":17}},"23":{"start":{"line":35,"column":20},"end":{"line":35,"column":45}},"24":{"start":{"line":36,"column":20},"end":{"line":36,"column":86}},"25":{"start":{"line":39,"column":20},"end":{"line":39,"column":94}},"26":{"start":{"line":41,"column":20},"end":{"line":41,"column":246}},"27":{"start":{"line":42,"column":20},"end":{"line":42,"column":79}},"28":{"start":{"line":43,"column":20},"end":{"line":51,"column":22}},"29":{"start":{"line":44,"column":24},"end":{"line":50,"column":25}},"30":{"start":{"line":45,"column":28},"end":{"line":45,"column":53}},"31":{"start":{"line":46,"column":28},"end":{"line":46,"column":94}},"32":{"start":{"line":48,"column":28},"end":{"line":48,"column":57}},"33":{"start":{"line":49,"column":28},"end":{"line":49,"column":45}}},"branchMap":{"1":{"line":27,"type":"if","locations":[{"start":{"line":27,"column":8},"end":{"line":27,"column":8}},{"start":{"line":27,"column":8},"end":{"line":27,"column":8}}]},"2":{"line":34,"type":"if","locations":[{"start":{"line":34,"column":16},"end":{"line":34,"column":16}},{"start":{"line":34,"column":16},"end":{"line":34,"column":16}}]},"3":{"line":44,"type":"if","locations":[{"start":{"line":44,"column":24},"end":{"line":44,"column":24}},{"start":{"line":44,"column":24},"end":{"line":44,"column":24}}]}}},"D:\\Kalinga\\Final project\\MIB\\DataModel\\UserDetailsSchema.js":{"path":"D:\\Kalinga\\Final project\\MIB\\DataModel\\UserDetailsSchema.js","s":{"1":1,"2":1,"3":1,"4":1,"5":1,"6":1,"7":1,"8":1,"9":1,"10":1,"11":1,"12":0,"13":0,"14":0,"15":0,"16":0,"17":1,"18":1,"19":1},"b":{"1":[1,0],"2":[0,0]},"f":{},"fnMap":{},"statementMap":{"1":{"start":{"line":1,"column":0},"end":{"line":1,"column":37}},"2":{"start":{"line":2,"column":0},"end":{"line":2,"column":31}},"3":{"start":{"line":4,"column":0},"end":{"line":11,"column":2}},"4":{"start":{"line":13,"column":0},"end":{"line":35,"column":2}},"5":{"start":{"line":37,"column":0},"end":{"line":47,"column":3}},"6":{"start":{"line":50,"column":0},"end":{"line":56,"column":3}},"7":{"start":{"line":51,"column":4},"end":{"line":51,"column":27}},"8":{"start":{"line":52,"column":4},"end":{"line":54,"column":5}},"9":{"start":{"line":53,"column":8},"end":{"line":53,"column":32}},"10":{"start":{"line":55,"column":4},"end":{"line":55,"column":11}},"11":{"start":{"line":58,"column":0},"end":{"line":65,"column":3}},"12":{"start":{"line":59,"column":4},"end":{"line":59,"column":43}},"13":{"start":{"line":60,"column":4},"end":{"line":60,"column":27}},"14":{"start":{"line":61,"column":4},"end":{"line":63,"column":5}},"15":{"start":{"line":62,"column":8},"end":{"line":62,"column":33}},"16":{"start":{"line":64,"column":4},"end":{"line":64,"column":11}},"17":{"start":{"line":67,"column":0},"end":{"line":67,"column":61}},"18":{"start":{"line":68,"column":0},"end":{"line":68,"column":77}},"19":{"start":{"line":70,"column":0},"end":{"line":73,"column":2}}},"branchMap":{"1":{"line":52,"type":"if","locations":[{"start":{"line":52,"column":4},"end":{"line":52,"column":4}},{"start":{"line":52,"column":4},"end":{"line":52,"column":4}}]},"2":{"line":61,"type":"if","locations":[{"start":{"line":61,"column":4},"end":{"line":61,"column":4}},{"start":{"line":61,"column":4},"end":{"line":61,"column":4}}]}}},"D:\\Kalinga\\Final project\\MIB\\config\\keys.js":{"path":"D:\\Kalinga\\Final project\\MIB\\config\\keys.js","s":{"1":1},"b":{},"f":{},"fnMap":{},"statementMap":{"1":{"start":{"line":1,"column":0},"end":{"line":9,"column":1}}},"branchMap":{}},"D:\\Kalinga\\Final project\\MIB\\jwtAuth\\jwtAuth.js":{"path":"D:\\Kalinga\\Final project\\MIB\\jwtAuth\\jwtAuth.js","s":{"1":1,"2":1,"3":1,"4":0,"5":0,"6":1,"7":0,"8":0},"b":{},"f":{},"fnMap":{},"statementMap":{"1":{"start":{"line":2,"column":0},"end":{"line":2,"column":36}},"2":{"start":{"line":3,"column":0},"end":{"line":3,"column":24}},"3":{"start":{"line":5,"column":0},"end":{"line":12,"column":1}},"4":{"start":{"line":7,"column":4},"end":{"line":10,"column":17}},"5":{"start":{"line":11,"column":4},"end":{"line":11,"column":17}},"6":{"start":{"line":14,"column":0},"end":{"line":17,"column":1}},"7":{"start":{"line":15,"column":4},"end":{"line":15,"column":40}},"8":{"start":{"line":16,"column":4},"end":{"line":16,"column":17}}},"branchMap":{}},"D:\\Kalinga\\Final project\\MIB\\routes\\users\\common\\commonFunctionality.js":{"path":"D:\\Kalinga\\Final project\\MIB\\routes\\users\\common\\commonFunctionality.js","s":{"1":1,"2":1,"3":1,"4":1,"5":1,"6":1,"7":1,"8":1,"9":2,"10":2,"11":2,"12":2,"13":0,"14":2,"15":1,"16":1,"17":1,"18":1,"19":1,"20":1,"21":1,"22":1,"23":1,"24":0,"25":0,"26":0,"27":0,"28":0,"29":1,"30":1,"31":1,"32":1,"33":1,"34":1,"35":1,"36":1,"37":1,"38":1,"39":1,"40":1,"41":0,"42":0,"43":0,"44":0,"45":0,"46":1,"47":1,"48":1,"49":1,"50":1,"51":1,"52":0,"53":1,"54":1,"55":0,"56":0,"57":0,"58":0,"59":0,"60":0,"61":0,"62":0,"63":0,"64":0,"65":0,"66":0,"67":0,"68":0,"69":0,"70":0,"71":0,"72":0,"73":0,"74":1},"b":{"1":[0,2],"2":[1,1],"3":[0,1],"4":[0,0],"5":[0,0],"6":[0,1],"7":[0,0],"8":[0,0],"9":[1,0],"10":[0,0],"11":[0,0],"12":[0,0],"13":[0,0],"14":[0,0],"15":[0,0]},"f":{"1":1,"2":1,"3":1,"4":0},"fnMap":{"1":{"name":"(anonymous_1)","line":36,"loc":{"start":{"line":36,"column":33},"end":{"line":36,"column":54}}},"2":{"name":"(anonymous_2)","line":65,"loc":{"start":{"line":65,"column":39},"end":{"line":65,"column":62}}},"3":{"name":"(anonymous_3)","line":77,"loc":{"start":{"line":77,"column":77},"end":{"line":77,"column":101}}},"4":{"name":"(anonymous_4)","line":106,"loc":{"start":{"line":106,"column":65},"end":{"line":106,"column":89}}}},"statementMap":{"1":{"start":{"line":1,"column":0},"end":{"line":1,"column":56}},"2":{"start":{"line":2,"column":0},"end":{"line":2,"column":41}},"3":{"start":{"line":3,"column":0},"end":{"line":3,"column":76}},"4":{"start":{"line":4,"column":0},"end":{"line":4,"column":62}},"5":{"start":{"line":5,"column":0},"end":{"line":5,"column":50}},"6":{"start":{"line":6,"column":0},"end":{"line":6,"column":40}},"7":{"start":{"line":7,"column":0},"end":{"line":7,"column":53}},"8":{"start":{"line":11,"column":0},"end":{"line":94,"column":3}},"9":{"start":{"line":12,"column":4},"end":{"line":12,"column":40}},"10":{"start":{"line":13,"column":4},"end":{"line":13,"column":48}},"11":{"start":{"line":14,"column":4},"end":{"line":93,"column":6}},"12":{"start":{"line":15,"column":8},"end":{"line":92,"column":9}},"13":{"start":{"line":16,"column":10},"end":{"line":16,"column":36}},"14":{"start":{"line":18,"column":12},"end":{"line":89,"column":13}},"15":{"start":{"line":19,"column":16},"end":{"line":19,"column":53}},"16":{"start":{"line":20,"column":16},"end":{"line":20,"column":76}},"17":{"start":{"line":23,"column":16},"end":{"line":23,"column":75}},"18":{"start":{"line":24,"column":16},"end":{"line":24,"column":54}},"19":{"start":{"line":27,"column":16},"end":{"line":31,"column":46}},"20":{"start":{"line":33,"column":16},"end":{"line":33,"column":103}},"21":{"start":{"line":34,"column":16},"end":{"line":34,"column":61}},"22":{"start":{"line":36,"column":16},"end":{"line":88,"column":19}},"23":{"start":{"line":37,"column":20},"end":{"line":87,"column":21}},"24":{"start":{"line":38,"column":24},"end":{"line":38,"column":99}},"25":{"start":{"line":39,"column":24},"end":{"line":39,"column":60}},"26":{"start":{"line":40,"column":24},"end":{"line":43,"column":54}},"27":{"start":{"line":41,"column":26},"end":{"line":41,"column":52}},"28":{"start":{"line":43,"column":26},"end":{"line":43,"column":52}},"29":{"start":{"line":45,"column":24},"end":{"line":45,"column":74}},"30":{"start":{"line":46,"column":24},"end":{"line":46,"column":63}},"31":{"start":{"line":48,"column":24},"end":{"line":48,"column":63}},"32":{"start":{"line":49,"column":24},"end":{"line":49,"column":57}},"33":{"start":{"line":50,"column":24},"end":{"line":50,"column":51}},"34":{"start":{"line":51,"column":24},"end":{"line":51,"column":55}},"35":{"start":{"line":54,"column":24},"end":{"line":54,"column":52}},"36":{"start":{"line":55,"column":24},"end":{"line":55,"column":52}},"37":{"start":{"line":56,"column":24},"end":{"line":63,"column":26}},"38":{"start":{"line":64,"column":24},"end":{"line":64,"column":58}},"39":{"start":{"line":65,"column":24},"end":{"line":86,"column":26}},"40":{"start":{"line":66,"column":28},"end":{"line":85,"column":29}},"41":{"start":{"line":67,"column":32},"end":{"line":67,"column":108}},"42":{"start":{"line":68,"column":32},"end":{"line":68,"column":57}},"43":{"start":{"line":69,"column":32},"end":{"line":72,"column":62}},"44":{"start":{"line":70,"column":34},"end":{"line":70,"column":60}},"45":{"start":{"line":72,"column":34},"end":{"line":72,"column":60}},"46":{"start":{"line":74,"column":32},"end":{"line":74,"column":70}},"47":{"start":{"line":75,"column":32},"end":{"line":75,"column":89}},"48":{"start":{"line":76,"column":32},"end":{"line":76,"column":225}},"49":{"start":{"line":77,"column":32},"end":{"line":83,"column":35}},"50":{"start":{"line":78,"column":36},"end":{"line":82,"column":37}},"51":{"start":{"line":79,"column":40},"end":{"line":79,"column":59}},"52":{"start":{"line":81,"column":40},"end":{"line":81,"column":86}},"53":{"start":{"line":84,"column":32},"end":{"line":84,"column":103}},"54":{"start":{"line":98,"column":0},"end":{"line":134,"column":3}},"55":{"start":{"line":99,"column":4},"end":{"line":99,"column":48}},"56":{"start":{"line":101,"column":4},"end":{"line":133,"column":6}},"57":{"start":{"line":102,"column":8},"end":{"line":132,"column":9}},"58":{"start":{"line":103,"column":10},"end":{"line":103,"column":72}},"59":{"start":{"line":105,"column":12},"end":{"line":131,"column":77}},"60":{"start":{"line":106,"column":16},"end":{"line":128,"column":19}},"61":{"start":{"line":108,"column":20},"end":{"line":127,"column":84}},"62":{"start":{"line":109,"column":22},"end":{"line":109,"column":84}},"63":{"start":{"line":110,"column":25},"end":{"line":127,"column":84}},"64":{"start":{"line":111,"column":24},"end":{"line":111,"column":60}},"65":{"start":{"line":112,"column":24},"end":{"line":112,"column":43}},"66":{"start":{"line":114,"column":24},"end":{"line":114,"column":63}},"67":{"start":{"line":116,"column":24},"end":{"line":124,"column":27}},"68":{"start":{"line":117,"column":28},"end":{"line":123,"column":29}},"69":{"start":{"line":118,"column":30},"end":{"line":118,"column":92}},"70":{"start":{"line":120,"column":32},"end":{"line":122,"column":33}},"71":{"start":{"line":121,"column":36},"end":{"line":121,"column":221}},"72":{"start":{"line":127,"column":22},"end":{"line":127,"column":82}},"73":{"start":{"line":131,"column":14},"end":{"line":131,"column":75}},"74":{"start":{"line":136,"column":0},"end":{"line":136,"column":37}}},"branchMap":{"1":{"line":15,"type":"if","locations":[{"start":{"line":15,"column":8},"end":{"line":15,"column":8}},{"start":{"line":15,"column":8},"end":{"line":15,"column":8}}]},"2":{"line":18,"type":"if","locations":[{"start":{"line":18,"column":12},"end":{"line":18,"column":12}},{"start":{"line":18,"column":12},"end":{"line":18,"column":12}}]},"3":{"line":37,"type":"if","locations":[{"start":{"line":37,"column":20},"end":{"line":37,"column":20}},{"start":{"line":37,"column":20},"end":{"line":37,"column":20}}]},"4":{"line":40,"type":"if","locations":[{"start":{"line":40,"column":24},"end":{"line":40,"column":24}},{"start":{"line":40,"column":24},"end":{"line":40,"column":24}}]},"5":{"line":40,"type":"binary-expr","locations":[{"start":{"line":40,"column":28},"end":{"line":40,"column":44}},{"start":{"line":40,"column":48},"end":{"line":40,"column":104}}]},"6":{"line":66,"type":"if","locations":[{"start":{"line":66,"column":28},"end":{"line":66,"column":28}},{"start":{"line":66,"column":28},"end":{"line":66,"column":28}}]},"7":{"line":69,"type":"if","locations":[{"start":{"line":69,"column":32},"end":{"line":69,"column":32}},{"start":{"line":69,"column":32},"end":{"line":69,"column":32}}]},"8":{"line":69,"type":"binary-expr","locations":[{"start":{"line":69,"column":36},"end":{"line":69,"column":53}},{"start":{"line":69,"column":57},"end":{"line":69,"column":114}}]},"9":{"line":78,"type":"if","locations":[{"start":{"line":78,"column":36},"end":{"line":78,"column":36}},{"start":{"line":78,"column":36},"end":{"line":78,"column":36}}]},"10":{"line":102,"type":"if","locations":[{"start":{"line":102,"column":8},"end":{"line":102,"column":8}},{"start":{"line":102,"column":8},"end":{"line":102,"column":8}}]},"11":{"line":105,"type":"if","locations":[{"start":{"line":105,"column":12},"end":{"line":105,"column":12}},{"start":{"line":105,"column":12},"end":{"line":105,"column":12}}]},"12":{"line":108,"type":"if","locations":[{"start":{"line":108,"column":20},"end":{"line":108,"column":20}},{"start":{"line":108,"column":20},"end":{"line":108,"column":20}}]},"13":{"line":110,"type":"if","locations":[{"start":{"line":110,"column":25},"end":{"line":110,"column":25}},{"start":{"line":110,"column":25},"end":{"line":110,"column":25}}]},"14":{"line":117,"type":"if","locations":[{"start":{"line":117,"column":28},"end":{"line":117,"column":28}},{"start":{"line":117,"column":28},"end":{"line":117,"column":28}}]},"15":{"line":120,"type":"if","locations":[{"start":{"line":120,"column":32},"end":{"line":120,"column":32}},{"start":{"line":120,"column":32},"end":{"line":120,"column":32}}]}}},"D:\\Kalinga\\Final project\\MIB\\config\\mail.js":{"path":"D:\\Kalinga\\Final project\\MIB\\config\\mail.js","s":{"1":1,"2":1,"3":1,"4":1},"b":{},"f":{},"fnMap":{},"statementMap":{"1":{"start":{"line":1,"column":0},"end":{"line":1,"column":42}},"2":{"start":{"line":3,"column":0},"end":{"line":9,"column":3}},"3":{"start":{"line":10,"column":0},"end":{"line":16,"column":2}},"4":{"start":{"line":18,"column":0},"end":{"line":21,"column":1}}},"branchMap":{}},"D:\\Kalinga\\Final project\\MIB\\routes\\player\\player.js":{"path":"D:\\Kalinga\\Final project\\MIB\\routes\\player\\player.js","s":{"1":1,"2":1,"3":1,"4":1,"5":1,"6":1,"7":1,"8":0,"9":0,"10":1,"11":1,"12":1,"13":1,"14":1,"15":1,"16":1,"17":1,"18":1,"19":0,"20":0,"21":1},"b":{"1":[1,0]},"f":{},"fnMap":{},"statementMap":{"1":{"start":{"line":1,"column":0},"end":{"line":1,"column":46}},"2":{"start":{"line":2,"column":0},"end":{"line":2,"column":41}},"3":{"start":{"line":3,"column":0},"end":{"line":3,"column":79}},"4":{"start":{"line":5,"column":0},"end":{"line":5,"column":62}},"5":{"start":{"line":6,"column":0},"end":{"line":6,"column":50}},"6":{"start":{"line":7,"column":0},"end":{"line":7,"column":45}},"7":{"start":{"line":11,"column":0},"end":{"line":15,"column":3}},"8":{"start":{"line":12,"column":4},"end":{"line":14,"column":7}},"9":{"start":{"line":13,"column":8},"end":{"line":13,"column":52}},"10":{"start":{"line":19,"column":0},"end":{"line":36,"column":3}},"11":{"start":{"line":20,"column":4},"end":{"line":20,"column":28}},"12":{"start":{"line":21,"column":4},"end":{"line":35,"column":7}},"13":{"start":{"line":22,"column":8},"end":{"line":34,"column":9}},"14":{"start":{"line":23,"column":12},"end":{"line":30,"column":15}},"15":{"start":{"line":24,"column":16},"end":{"line":29,"column":19}},"16":{"start":{"line":25,"column":20},"end":{"line":28,"column":23}},"17":{"start":{"line":26,"column":24},"end":{"line":26,"column":107}},"18":{"start":{"line":27,"column":24},"end":{"line":27,"column":31}},"19":{"start":{"line":32,"column":12},"end":{"line":32,"column":72}},"20":{"start":{"line":33,"column":12},"end":{"line":33,"column":19}},"21":{"start":{"line":38,"column":0},"end":{"line":38,"column":27}}},"branchMap":{"1":{"line":22,"type":"if","locations":[{"start":{"line":22,"column":8},"end":{"line":22,"column":8}},{"start":{"line":22,"column":8},"end":{"line":22,"column":8}}]}}},"D:\\Kalinga\\Final project\\MIB\\DataModel\\PlayerDatabaseSchema.js":{"path":"D:\\Kalinga\\Final project\\MIB\\DataModel\\PlayerDatabaseSchema.js","s":{"1":1,"2":1,"3":1,"4":1,"5":1,"6":1,"7":1,"8":1,"9":1,"10":1,"11":1,"12":1,"13":1},"b":{},"f":{},"fnMap":{},"statementMap":{"1":{"start":{"line":1,"column":0},"end":{"line":1,"column":35}},"2":{"start":{"line":2,"column":0},"end":{"line":2,"column":29}},"3":{"start":{"line":3,"column":0},"end":{"line":3,"column":37}},"4":{"start":{"line":5,"column":0},"end":{"line":5,"column":40}},"5":{"start":{"line":7,"column":0},"end":{"line":37,"column":2}},"6":{"start":{"line":39,"column":0},"end":{"line":73,"column":2}},"7":{"start":{"line":75,"column":0},"end":{"line":110,"column":2}},"8":{"start":{"line":112,"column":0},"end":{"line":147,"column":2}},"9":{"start":{"line":149,"column":0},"end":{"line":149,"column":73}},"10":{"start":{"line":150,"column":0},"end":{"line":150,"column":61}},"11":{"start":{"line":151,"column":0},"end":{"line":151,"column":79}},"12":{"start":{"line":152,"column":0},"end":{"line":152,"column":55}},"13":{"start":{"line":154,"column":0},"end":{"line":159,"column":2}}},"branchMap":{}},"D:\\Kalinga\\Final project\\MIB\\cronJob\\UpdatePlayersData.js":{"path":"D:\\Kalinga\\Final project\\MIB\\cronJob\\UpdatePlayersData.js","s":{"1":1,"2":1,"3":1,"4":1,"5":1,"6":1,"7":1,"8":1,"9":1,"10":1,"11":1,"12":0,"13":0,"14":0,"15":0,"16":0,"17":0,"18":0,"19":0,"20":0,"21":0,"22":0,"23":0,"24":1,"25":0,"26":0,"27":0,"28":0,"29":0,"30":0,"31":0,"32":0,"33":0,"34":0,"35":0,"36":0,"37":0,"38":0,"39":0,"40":0,"41":0,"42":0,"43":0,"44":0,"45":0,"46":0,"47":0,"48":0,"49":0,"50":0,"51":0,"52":0,"53":0,"54":0,"55":0,"56":0,"57":0,"58":0,"59":0,"60":0,"61":0,"62":0,"63":0,"64":0,"65":0,"66":0,"67":0,"68":0,"69":0,"70":0,"71":0,"72":0,"73":0,"74":0,"75":0,"76":0,"77":0,"78":0,"79":0,"80":0,"81":0,"82":0,"83":0,"84":0,"85":0,"86":0,"87":0,"88":0,"89":0,"90":0,"91":0,"92":0,"93":0,"94":0,"95":0,"96":0,"97":1,"98":1,"99":1,"100":1,"101":0,"102":0,"103":0,"104":0,"105":0,"106":0,"107":0,"108":0,"109":0,"110":0,"111":0,"112":0,"113":0,"114":0,"115":0,"116":0,"117":0,"118":0,"119":0,"120":1},"b":{"1":[0,0],"2":[0,0],"3":[0,0],"4":[0,0],"5":[0,0],"6":[0,0],"7":[0,0],"8":[0,0],"9":[0,0],"10":[0,0],"11":[0,0],"12":[0,0],"13":[0,0],"14":[0,0],"15":[0,0],"16":[0,0]},"f":{"1":0,"2":0,"3":0,"4":0,"5":0,"6":0,"7":0},"fnMap":{"1":{"name":"dropFunction","line":15,"loc":{"start":{"line":15,"column":14},"end":{"line":15,"column":37}}},"2":{"name":"(anonymous_2)","line":34,"loc":{"start":{"line":34,"column":16},"end":{"line":34,"column":46}}},"3":{"name":"(anonymous_3)","line":148,"loc":{"start":{"line":148,"column":43},"end":{"line":148,"column":55}}},"4":{"name":"(anonymous_4)","line":151,"loc":{"start":{"line":151,"column":27},"end":{"line":151,"column":43}}},"5":{"name":"(anonymous_5)","line":163,"loc":{"start":{"line":163,"column":32},"end":{"line":163,"column":49}}},"6":{"name":"(anonymous_6)","line":167,"loc":{"start":{"line":167,"column":31},"end":{"line":167,"column":43}}},"7":{"name":"(anonymous_7)","line":176,"loc":{"start":{"line":176,"column":7},"end":{"line":176,"column":19}}}},"statementMap":{"1":{"start":{"line":1,"column":0},"end":{"line":1,"column":33}},"2":{"start":{"line":2,"column":0},"end":{"line":2,"column":41}},"3":{"start":{"line":3,"column":0},"end":{"line":3,"column":30}},"4":{"start":{"line":4,"column":0},"end":{"line":4,"column":40}},"5":{"start":{"line":5,"column":0},"end":{"line":5,"column":27}},"6":{"start":{"line":6,"column":0},"end":{"line":6,"column":41}},"7":{"start":{"line":7,"column":0},"end":{"line":7,"column":62}},"8":{"start":{"line":8,"column":0},"end":{"line":8,"column":36}},"9":{"start":{"line":10,"column":0},"end":{"line":10,"column":82}},"10":{"start":{"line":13,"column":0},"end":{"line":13,"column":44}},"11":{"start":{"line":15,"column":0},"end":{"line":32,"column":1}},"12":{"start":{"line":17,"column":4},"end":{"line":19,"column":6}},"13":{"start":{"line":18,"column":8},"end":{"line":18,"column":31}},"14":{"start":{"line":18,"column":19},"end":{"line":18,"column":31}},"15":{"start":{"line":21,"column":4},"end":{"line":23,"column":6}},"16":{"start":{"line":22,"column":8},"end":{"line":22,"column":31}},"17":{"start":{"line":22,"column":19},"end":{"line":22,"column":31}},"18":{"start":{"line":25,"column":4},"end":{"line":27,"column":6}},"19":{"start":{"line":26,"column":8},"end":{"line":26,"column":31}},"20":{"start":{"line":26,"column":19},"end":{"line":26,"column":31}},"21":{"start":{"line":29,"column":4},"end":{"line":31,"column":6}},"22":{"start":{"line":30,"column":8},"end":{"line":30,"column":31}},"23":{"start":{"line":30,"column":19},"end":{"line":30,"column":31}},"24":{"start":{"line":34,"column":0},"end":{"line":142,"column":1}},"25":{"start":{"line":35,"column":4},"end":{"line":35,"column":65}},"26":{"start":{"line":36,"column":4},"end":{"line":36,"column":57}},"27":{"start":{"line":37,"column":4},"end":{"line":37,"column":77}},"28":{"start":{"line":38,"column":4},"end":{"line":38,"column":53}},"29":{"start":{"line":40,"column":4},"end":{"line":40,"column":43}},"30":{"start":{"line":41,"column":4},"end":{"line":41,"column":50}},"31":{"start":{"line":42,"column":4},"end":{"line":42,"column":49}},"32":{"start":{"line":43,"column":4},"end":{"line":43,"column":54}},"33":{"start":{"line":44,"column":4},"end":{"line":44,"column":43}},"34":{"start":{"line":45,"column":4},"end":{"line":45,"column":36}},"35":{"start":{"line":46,"column":4},"end":{"line":46,"column":43}},"36":{"start":{"line":49,"column":4},"end":{"line":49,"column":57}},"37":{"start":{"line":52,"column":4},"end":{"line":55,"column":70}},"38":{"start":{"line":53,"column":12},"end":{"line":53,"column":37}},"39":{"start":{"line":55,"column":12},"end":{"line":55,"column":66}},"40":{"start":{"line":57,"column":4},"end":{"line":60,"column":59}},"41":{"start":{"line":58,"column":8},"end":{"line":58,"column":27}},"42":{"start":{"line":60,"column":8},"end":{"line":60,"column":55}},"43":{"start":{"line":62,"column":4},"end":{"line":65,"column":69}},"44":{"start":{"line":63,"column":8},"end":{"line":63,"column":34}},"45":{"start":{"line":65,"column":8},"end":{"line":65,"column":65}},"46":{"start":{"line":67,"column":4},"end":{"line":70,"column":66}},"47":{"start":{"line":68,"column":8},"end":{"line":68,"column":32}},"48":{"start":{"line":70,"column":8},"end":{"line":70,"column":62}},"49":{"start":{"line":72,"column":4},"end":{"line":75,"column":65}},"50":{"start":{"line":73,"column":8},"end":{"line":73,"column":32}},"51":{"start":{"line":75,"column":8},"end":{"line":75,"column":61}},"52":{"start":{"line":77,"column":4},"end":{"line":80,"column":60}},"53":{"start":{"line":78,"column":8},"end":{"line":78,"column":27}},"54":{"start":{"line":80,"column":8},"end":{"line":80,"column":56}},"55":{"start":{"line":82,"column":4},"end":{"line":82,"column":25}},"56":{"start":{"line":85,"column":4},"end":{"line":85,"column":68}},"57":{"start":{"line":86,"column":4},"end":{"line":86,"column":69}},"58":{"start":{"line":87,"column":4},"end":{"line":87,"column":62}},"59":{"start":{"line":88,"column":4},"end":{"line":88,"column":72}},"60":{"start":{"line":89,"column":4},"end":{"line":89,"column":69}},"61":{"start":{"line":90,"column":4},"end":{"line":93,"column":79}},"62":{"start":{"line":91,"column":12},"end":{"line":91,"column":48}},"63":{"start":{"line":93,"column":11},"end":{"line":93,"column":75}},"64":{"start":{"line":95,"column":8},"end":{"line":98,"column":75}},"65":{"start":{"line":96,"column":12},"end":{"line":96,"column":43}},"66":{"start":{"line":98,"column":12},"end":{"line":98,"column":71}},"67":{"start":{"line":100,"column":4},"end":{"line":100,"column":63}},"68":{"start":{"line":101,"column":4},"end":{"line":101,"column":37}},"69":{"start":{"line":104,"column":4},"end":{"line":104,"column":59}},"70":{"start":{"line":105,"column":4},"end":{"line":105,"column":60}},"71":{"start":{"line":106,"column":4},"end":{"line":106,"column":53}},"72":{"start":{"line":107,"column":4},"end":{"line":107,"column":63}},"73":{"start":{"line":108,"column":4},"end":{"line":108,"column":60}},"74":{"start":{"line":109,"column":4},"end":{"line":109,"column":59}},"75":{"start":{"line":110,"column":4},"end":{"line":110,"column":54}},"76":{"start":{"line":111,"column":4},"end":{"line":111,"column":27}},"77":{"start":{"line":114,"column":4},"end":{"line":141,"column":7}},"78":{"start":{"line":115,"column":8},"end":{"line":115,"column":31}},"79":{"start":{"line":115,"column":19},"end":{"line":115,"column":31}},"80":{"start":{"line":117,"column":8},"end":{"line":117,"column":43}},"81":{"start":{"line":119,"column":8},"end":{"line":119,"column":38}},"82":{"start":{"line":121,"column":8},"end":{"line":140,"column":11}},"83":{"start":{"line":122,"column":12},"end":{"line":122,"column":37}},"84":{"start":{"line":122,"column":24},"end":{"line":122,"column":37}},"85":{"start":{"line":124,"column":12},"end":{"line":124,"column":44}},"86":{"start":{"line":125,"column":12},"end":{"line":125,"column":54}},"87":{"start":{"line":127,"column":12},"end":{"line":139,"column":15}},"88":{"start":{"line":128,"column":16},"end":{"line":128,"column":41}},"89":{"start":{"line":128,"column":28},"end":{"line":128,"column":41}},"90":{"start":{"line":130,"column":16},"end":{"line":130,"column":48}},"91":{"start":{"line":131,"column":16},"end":{"line":131,"column":48}},"92":{"start":{"line":133,"column":16},"end":{"line":138,"column":19}},"93":{"start":{"line":134,"column":20},"end":{"line":134,"column":45}},"94":{"start":{"line":134,"column":32},"end":{"line":134,"column":45}},"95":{"start":{"line":136,"column":20},"end":{"line":136,"column":53}},"96":{"start":{"line":137,"column":20},"end":{"line":137,"column":34}},"97":{"start":{"line":144,"column":0},"end":{"line":144,"column":99}},"98":{"start":{"line":145,"column":0},"end":{"line":145,"column":21}},"99":{"start":{"line":146,"column":0},"end":{"line":146,"column":14}},"100":{"start":{"line":148,"column":0},"end":{"line":179,"column":2}},"101":{"start":{"line":149,"column":4},"end":{"line":149,"column":36}},"102":{"start":{"line":150,"column":4},"end":{"line":150,"column":14}},"103":{"start":{"line":151,"column":4},"end":{"line":178,"column":7}},"104":{"start":{"line":152,"column":8},"end":{"line":152,"column":37}},"105":{"start":{"line":154,"column":8},"end":{"line":154,"column":38}},"106":{"start":{"line":155,"column":8},"end":{"line":155,"column":33}},"107":{"start":{"line":157,"column":8},"end":{"line":157,"column":84}},"108":{"start":{"line":158,"column":8},"end":{"line":158,"column":34}},"109":{"start":{"line":160,"column":8},"end":{"line":160,"column":73}},"110":{"start":{"line":162,"column":8},"end":{"line":175,"column":17}},"111":{"start":{"line":163,"column":12},"end":{"line":165,"column":15}},"112":{"start":{"line":164,"column":16},"end":{"line":164,"column":30}},"113":{"start":{"line":167,"column":12},"end":{"line":174,"column":15}},"114":{"start":{"line":168,"column":16},"end":{"line":168,"column":46}},"115":{"start":{"line":169,"column":16},"end":{"line":169,"column":56}},"116":{"start":{"line":170,"column":16},"end":{"line":173,"column":19}},"117":{"start":{"line":171,"column":20},"end":{"line":171,"column":30}},"118":{"start":{"line":172,"column":20},"end":{"line":172,"column":32}},"119":{"start":{"line":177,"column":8},"end":{"line":177,"column":52}},"120":{"start":{"line":181,"column":0},"end":{"line":181,"column":22}}},"branchMap":{"1":{"line":18,"type":"if","locations":[{"start":{"line":18,"column":8},"end":{"line":18,"column":8}},{"start":{"line":18,"column":8},"end":{"line":18,"column":8}}]},"2":{"line":22,"type":"if","locations":[{"start":{"line":22,"column":8},"end":{"line":22,"column":8}},{"start":{"line":22,"column":8},"end":{"line":22,"column":8}}]},"3":{"line":26,"type":"if","locations":[{"start":{"line":26,"column":8},"end":{"line":26,"column":8}},{"start":{"line":26,"column":8},"end":{"line":26,"column":8}}]},"4":{"line":30,"type":"if","locations":[{"start":{"line":30,"column":8},"end":{"line":30,"column":8}},{"start":{"line":30,"column":8},"end":{"line":30,"column":8}}]},"5":{"line":52,"type":"if","locations":[{"start":{"line":52,"column":4},"end":{"line":52,"column":4}},{"start":{"line":52,"column":4},"end":{"line":52,"column":4}}]},"6":{"line":57,"type":"if","locations":[{"start":{"line":57,"column":4},"end":{"line":57,"column":4}},{"start":{"line":57,"column":4},"end":{"line":57,"column":4}}]},"7":{"line":62,"type":"if","locations":[{"start":{"line":62,"column":4},"end":{"line":62,"column":4}},{"start":{"line":62,"column":4},"end":{"line":62,"column":4}}]},"8":{"line":67,"type":"if","locations":[{"start":{"line":67,"column":4},"end":{"line":67,"column":4}},{"start":{"line":67,"column":4},"end":{"line":67,"column":4}}]},"9":{"line":72,"type":"if","locations":[{"start":{"line":72,"column":4},"end":{"line":72,"column":4}},{"start":{"line":72,"column":4},"end":{"line":72,"column":4}}]},"10":{"line":77,"type":"if","locations":[{"start":{"line":77,"column":4},"end":{"line":77,"column":4}},{"start":{"line":77,"column":4},"end":{"line":77,"column":4}}]},"11":{"line":90,"type":"if","locations":[{"start":{"line":90,"column":4},"end":{"line":90,"column":4}},{"start":{"line":90,"column":4},"end":{"line":90,"column":4}}]},"12":{"line":95,"type":"if","locations":[{"start":{"line":95,"column":8},"end":{"line":95,"column":8}},{"start":{"line":95,"column":8},"end":{"line":95,"column":8}}]},"13":{"line":115,"type":"if","locations":[{"start":{"line":115,"column":8},"end":{"line":115,"column":8}},{"start":{"line":115,"column":8},"end":{"line":115,"column":8}}]},"14":{"line":122,"type":"if","locations":[{"start":{"line":122,"column":12},"end":{"line":122,"column":12}},{"start":{"line":122,"column":12},"end":{"line":122,"column":12}}]},"15":{"line":128,"type":"if","locations":[{"start":{"line":128,"column":16},"end":{"line":128,"column":16}},{"start":{"line":128,"column":16},"end":{"line":128,"column":16}}]},"16":{"line":134,"type":"if","locations":[{"start":{"line":134,"column":20},"end":{"line":134,"column":20}},{"start":{"line":134,"column":20},"end":{"line":134,"column":20}}]}}},"D:\\Kalinga\\Final project\\MIB\\DataModel\\videoDetailsSchema.js":{"path":"D:\\Kalinga\\Final project\\MIB\\DataModel\\videoDetailsSchema.js","s":{"1":1,"2":1,"3":1,"4":1,"5":1,"6":1,"7":1,"8":1,"9":1},"b":{},"f":{},"fnMap":{},"statementMap":{"1":{"start":{"line":1,"column":0},"end":{"line":1,"column":35}},"2":{"start":{"line":2,"column":0},"end":{"line":2,"column":29}},"3":{"start":{"line":4,"column":0},"end":{"line":14,"column":2}},"4":{"start":{"line":16,"column":0},"end":{"line":22,"column":2}},"5":{"start":{"line":24,"column":0},"end":{"line":30,"column":2}},"6":{"start":{"line":31,"column":0},"end":{"line":31,"column":76}},"7":{"start":{"line":32,"column":0},"end":{"line":32,"column":79}},"8":{"start":{"line":33,"column":0},"end":{"line":33,"column":76}},"9":{"start":{"line":35,"column":0},"end":{"line":39,"column":1}}},"branchMap":{}},"D:\\Kalinga\\Final project\\MIB\\routes\\users\\user\\chat.js":{"path":"D:\\Kalinga\\Final project\\MIB\\routes\\users\\user\\chat.js","s":{"1":1,"2":1,"3":1,"4":1,"5":1,"6":1,"7":0,"8":0,"9":0,"10":0,"11":0,"12":1,"13":0,"14":0,"15":0,"16":0,"17":0,"18":1},"b":{"1":[0,0]},"f":{},"fnMap":{},"statementMap":{"1":{"start":{"line":1,"column":0},"end":{"line":1,"column":46}},"2":{"start":{"line":2,"column":0},"end":{"line":2,"column":41}},"3":{"start":{"line":3,"column":0},"end":{"line":3,"column":62}},"4":{"start":{"line":4,"column":0},"end":{"line":4,"column":79}},"5":{"start":{"line":5,"column":0},"end":{"line":5,"column":45}},"6":{"start":{"line":9,"column":0},"end":{"line":18,"column":3}},"7":{"start":{"line":10,"column":4},"end":{"line":17,"column":7}},"8":{"start":{"line":11,"column":7},"end":{"line":16,"column":9}},"9":{"start":{"line":12,"column":11},"end":{"line":12,"column":71}},"10":{"start":{"line":14,"column":12},"end":{"line":14,"column":32}},"11":{"start":{"line":15,"column":12},"end":{"line":15,"column":49}},"12":{"start":{"line":22,"column":0},"end":{"line":41,"column":3}},"13":{"start":{"line":36,"column":4},"end":{"line":36,"column":53}},"14":{"start":{"line":37,"column":4},"end":{"line":37,"column":71}},"15":{"start":{"line":38,"column":4},"end":{"line":38,"column":36}},"16":{"start":{"line":39,"column":4},"end":{"line":39,"column":24}},"17":{"start":{"line":40,"column":4},"end":{"line":40,"column":22}},"18":{"start":{"line":43,"column":0},"end":{"line":43,"column":27}}},"branchMap":{"1":{"line":11,"type":"if","locations":[{"start":{"line":11,"column":7},"end":{"line":11,"column":7}},{"start":{"line":11,"column":7},"end":{"line":11,"column":7}}]}}},"D:\\Kalinga\\Final project\\MIB\\DataModel\\chaterBoxDatabaseSchema.js":{"path":"D:\\Kalinga\\Final project\\MIB\\DataModel\\chaterBoxDatabaseSchema.js","s":{"1":1,"2":1,"3":1,"4":1,"5":1},"b":{},"f":{},"fnMap":{},"statementMap":{"1":{"start":{"line":1,"column":0},"end":{"line":1,"column":35}},"2":{"start":{"line":2,"column":0},"end":{"line":2,"column":29}},"3":{"start":{"line":4,"column":0},"end":{"line":10,"column":2}},"4":{"start":{"line":11,"column":0},"end":{"line":11,"column":64}},"5":{"start":{"line":13,"column":0},"end":{"line":15,"column":2}}},"branchMap":{}},"D:\\Kalinga\\Final project\\MIB\\DataModel\\ProductCategoriesSchema.js":{"path":"D:\\Kalinga\\Final project\\MIB\\DataModel\\ProductCategoriesSchema.js","s":{"1":1,"2":1,"3":1,"4":1,"5":1,"6":1,"7":1},"b":{},"f":{},"fnMap":{},"statementMap":{"1":{"start":{"line":1,"column":0},"end":{"line":1,"column":35}},"2":{"start":{"line":2,"column":0},"end":{"line":2,"column":29}},"3":{"start":{"line":4,"column":0},"end":{"line":6,"column":2}},"4":{"start":{"line":8,"column":0},"end":{"line":38,"column":2}},"5":{"start":{"line":40,"column":0},"end":{"line":40,"column":70}},"6":{"start":{"line":41,"column":0},"end":{"line":41,"column":64}},"7":{"start":{"line":43,"column":0},"end":{"line":46,"column":2}}},"branchMap":{}},"D:\\Kalinga\\Final project\\MIB\\DataModel\\UserCartDetailsSchema.js":{"path":"D:\\Kalinga\\Final project\\MIB\\DataModel\\UserCartDetailsSchema.js","s":{"1":1,"2":1,"3":1,"4":1,"5":1,"6":1,"7":1},"b":{},"f":{},"fnMap":{},"statementMap":{"1":{"start":{"line":1,"column":0},"end":{"line":1,"column":35}},"2":{"start":{"line":2,"column":0},"end":{"line":2,"column":29}},"3":{"start":{"line":4,"column":0},"end":{"line":20,"column":2}},"4":{"start":{"line":22,"column":0},"end":{"line":44,"column":2}},"5":{"start":{"line":46,"column":0},"end":{"line":46,"column":60}},"6":{"start":{"line":47,"column":0},"end":{"line":47,"column":70}},"7":{"start":{"line":49,"column":0},"end":{"line":52,"column":2}}},"branchMap":{}},"D:\\Kalinga\\Final project\\MIB\\routes\\shop\\categories\\category.js":{"path":"D:\\Kalinga\\Final project\\MIB\\routes\\shop\\categories\\category.js","s":{"1":1,"2":1,"3":1,"4":1,"5":1,"6":1,"7":0,"8":0,"9":0,"10":0,"11":0,"12":0,"13":0,"14":1,"15":0,"16":0,"17":1},"b":{"1":[0,0]},"f":{"1":0,"2":0,"3":0},"fnMap":{"1":{"name":"(anonymous_1)","line":9,"loc":{"start":{"line":9,"column":20},"end":{"line":9,"column":40}}},"2":{"name":"(anonymous_2)","line":15,"loc":{"start":{"line":15,"column":20},"end":{"line":15,"column":41}}},"3":{"name":"(anonymous_3)","line":23,"loc":{"start":{"line":23,"column":16},"end":{"line":23,"column":36}}}},"statementMap":{"1":{"start":{"line":1,"column":0},"end":{"line":1,"column":43}},"2":{"start":{"line":2,"column":0},"end":{"line":2,"column":41}},"3":{"start":{"line":3,"column":0},"end":{"line":3,"column":62}},"4":{"start":{"line":4,"column":0},"end":{"line":4,"column":79}},"5":{"start":{"line":5,"column":0},"end":{"line":5,"column":45}},"6":{"start":{"line":9,"column":0},"end":{"line":19,"column":2}},"7":{"start":{"line":10,"column":4},"end":{"line":10,"column":40}},"8":{"start":{"line":12,"column":4},"end":{"line":12,"column":54}},"9":{"start":{"line":13,"column":4},"end":{"line":13,"column":53}},"10":{"start":{"line":15,"column":4},"end":{"line":18,"column":6}},"11":{"start":{"line":16,"column":8},"end":{"line":16,"column":27}},"12":{"start":{"line":16,"column":17},"end":{"line":16,"column":27}},"13":{"start":{"line":17,"column":8},"end":{"line":17,"column":59}},"14":{"start":{"line":23,"column":0},"end":{"line":28,"column":2}},"15":{"start":{"line":25,"column":4},"end":{"line":27,"column":6}},"16":{"start":{"line":26,"column":8},"end":{"line":26,"column":50}},"17":{"start":{"line":31,"column":0},"end":{"line":31,"column":24}}},"branchMap":{"1":{"line":16,"type":"if","locations":[{"start":{"line":16,"column":8},"end":{"line":16,"column":8}},{"start":{"line":16,"column":8},"end":{"line":16,"column":8}}]}}}}